2024-07-09 17:23:40.530 [info] Log level: Info
2024-07-09 17:23:40.530 [info] Validating found git in: "git"
2024-07-09 17:23:40.530 [info] Using git "2.34.1" from "git"
2024-07-09 17:23:40.530 [info] > git rev-parse --show-toplevel [4ms]
2024-07-09 17:23:40.530 [info] fatal: not a git repository (or any of the parent directories): .git
2024-07-09 17:23:40.532 [info] > git rev-parse --show-toplevel [3ms]
2024-07-09 17:23:40.532 [info] fatal: not a git repository (or any of the parent directories): .git
2024-07-09 17:23:40.536 [info] > git rev-parse --show-toplevel [2ms]
2024-07-09 17:23:40.536 [info] fatal: not a git repository (or any of the parent directories): .git
2024-07-09 17:23:40.595 [info] > git rev-parse --show-toplevel [57ms]
2024-07-09 17:23:40.595 [info] fatal: not a git repository (or any of the parent directories): .git
2024-07-09 17:23:40.616 [info] > git rev-parse --show-toplevel [18ms]
2024-07-09 17:23:40.616 [info] fatal: not a git repository (or any of the parent directories): .git
2024-07-09 17:23:40.990 [info] > git rev-parse --show-toplevel [364ms]
2024-07-09 17:23:40.990 [info] fatal: not a git repository (or any of the parent directories): .git
2024-07-09 17:23:40.996 [info] > git rev-parse --show-toplevel [3ms]
2024-07-09 17:23:40.996 [info] fatal: not a git repository (or any of the parent directories): .git
2024-07-09 17:23:41.099 [info] > git rev-parse --show-toplevel [101ms]
2024-07-09 17:23:41.099 [info] fatal: not a git repository (or any of the parent directories): .git
2024-07-09 17:23:42.037 [info] > git rev-parse --show-toplevel [2ms]
2024-07-09 17:23:42.037 [info] fatal: not a git repository (or any of the parent directories): .git
2024-07-09 17:23:42.584 [info] > git rev-parse --show-toplevel [1ms]
2024-07-09 17:23:42.584 [info] fatal: not a git repository (or any of the parent directories): .git
2024-07-09 17:23:43.504 [info] > git rev-parse --show-toplevel [2ms]
2024-07-09 17:23:43.504 [info] fatal: not a git repository (or any of the parent directories): .git
2024-07-09 17:24:32.732 [info] > git rev-parse --show-toplevel [1ms]
2024-07-09 17:24:32.732 [info] fatal: not a git repository (or any of the parent directories): .git
2024-07-09 17:24:33.184 [info] > git rev-parse --show-toplevel [1ms]
2024-07-09 17:24:33.184 [info] fatal: not a git repository (or any of the parent directories): .git
2024-07-09 17:24:37.830 [info] > git rev-parse --show-toplevel [1ms]
2024-07-09 17:24:37.830 [info] fatal: not a git repository (or any of the parent directories): .git
2024-07-09 17:24:39.093 [info] > git rev-parse --show-toplevel [2ms]
2024-07-09 17:24:39.093 [info] fatal: not a git repository (or any of the parent directories): .git
2024-07-09 17:24:40.245 [info] > git rev-parse --show-toplevel [2ms]
2024-07-09 17:24:40.245 [info] fatal: not a git repository (or any of the parent directories): .git
2024-07-09 17:24:48.212 [info] > git rev-parse --show-toplevel [1ms]
2024-07-09 17:24:48.212 [info] fatal: not a git repository (or any of the parent directories): .git
2024-07-09 17:25:41.372 [info] > git rev-parse --show-toplevel [1ms]
2024-07-09 17:25:41.372 [info] fatal: not a git repository (or any of the parent directories): .git
2024-07-09 17:28:18.904 [info] > git rev-parse --show-toplevel [1ms]
2024-07-09 17:28:18.904 [info] fatal: not a git repository (or any of the parent directories): .git
2024-07-09 17:28:55.138 [info] > git rev-parse --show-toplevel [1ms]
2024-07-09 17:28:55.138 [info] fatal: not a git repository (or any of the parent directories): .git
2024-07-09 17:30:27.550 [info] > git rev-parse --show-toplevel [1ms]
2024-07-09 17:30:27.550 [info] fatal: not a git repository (or any of the parent directories): .git
2024-07-09 17:30:27.900 [info] > git rev-parse --show-toplevel [1ms]
2024-07-09 17:30:27.900 [info] fatal: not a git repository (or any of the parent directories): .git
2024-07-09 17:30:36.639 [info] > git rev-parse --show-toplevel [1ms]
2024-07-09 17:30:36.639 [info] fatal: not a git repository (or any of the parent directories): .git
2024-07-09 17:31:26.274 [info] > git rev-parse --show-toplevel [2ms]
2024-07-09 17:31:26.274 [info] fatal: not a git repository (or any of the parent directories): .git
2024-07-09 17:31:54.712 [info] > git rev-parse --show-toplevel [1ms]
2024-07-09 17:31:54.712 [info] fatal: not a git repository (or any of the parent directories): .git
2024-07-09 17:32:06.982 [info] > git rev-parse --show-toplevel [2ms]
2024-07-09 17:32:06.983 [info] fatal: not a git repository (or any of the parent directories): .git
2024-07-09 17:32:12.017 [info] > git rev-parse --show-toplevel [2ms]
2024-07-09 17:32:12.017 [info] fatal: not a git repository (or any of the parent directories): .git
2024-07-09 17:32:34.703 [info] > git rev-parse --show-toplevel [1ms]
2024-07-09 17:32:34.703 [info] fatal: not a git repository (or any of the parent directories): .git
2024-07-09 17:33:18.558 [info] > git rev-parse --show-toplevel [1ms]
2024-07-09 17:33:18.558 [info] fatal: not a git repository (or any of the parent directories): .git
2024-07-09 17:33:24.526 [info] > git rev-parse --show-toplevel [2ms]
2024-07-09 17:33:24.526 [info] fatal: not a git repository (or any of the parent directories): .git
2024-07-09 17:33:38.599 [info] > git rev-parse --show-toplevel [2ms]
2024-07-09 17:33:38.599 [info] fatal: not a git repository (or any of the parent directories): .git
2024-07-09 17:34:00.243 [info] > git rev-parse --show-toplevel [2ms]
2024-07-09 17:34:00.243 [info] fatal: not a git repository (or any of the parent directories): .git
2024-07-09 17:34:19.486 [info] > git rev-parse --show-toplevel [1ms]
2024-07-09 17:34:19.486 [info] fatal: not a git repository (or any of the parent directories): .git
2024-07-09 17:35:08.746 [info] > git rev-parse --show-toplevel [2ms]
2024-07-09 17:35:08.746 [info] fatal: not a git repository (or any of the parent directories): .git
2024-07-09 17:35:26.192 [info] > git rev-parse --show-toplevel [1ms]
2024-07-09 17:35:26.192 [info] fatal: not a git repository (or any of the parent directories): .git
2024-07-09 17:35:28.300 [info] > git rev-parse --show-toplevel [2ms]
2024-07-09 17:35:28.300 [info] fatal: not a git repository (or any of the parent directories): .git
2024-07-09 17:35:30.891 [info] > git rev-parse --show-toplevel [2ms]
2024-07-09 17:35:30.891 [info] fatal: not a git repository (or any of the parent directories): .git
2024-07-09 17:35:33.184 [info] > git rev-parse --show-toplevel [1ms]
2024-07-09 17:35:33.184 [info] fatal: not a git repository (or any of the parent directories): .git
2024-07-09 17:35:34.123 [info] > git rev-parse --show-toplevel [2ms]
2024-07-09 17:35:34.123 [info] fatal: not a git repository (or any of the parent directories): .git
2024-07-09 17:36:46.493 [info] > git rev-parse --show-toplevel [1ms]
2024-07-09 17:36:46.493 [info] fatal: not a git repository (or any of the parent directories): .git
2024-07-09 17:37:26.848 [info] > git rev-parse --show-toplevel [1ms]
2024-07-09 17:37:26.849 [info] fatal: not a git repository (or any of the parent directories): .git
2024-07-09 17:37:35.996 [info] > git rev-parse --show-toplevel [1ms]
2024-07-09 17:37:35.996 [info] fatal: not a git repository (or any of the parent directories): .git
2024-07-09 17:39:24.698 [info] > git rev-parse --show-toplevel [2ms]
2024-07-09 17:39:24.698 [info] fatal: not a git repository (or any of the parent directories): .git
