2024-07-12 14:38:10.214 [info] Extension host with pid 7923 started
2024-07-12 14:38:10.214 [error] Error: EEXIST: file already exists, open '/root/.vscode-server/data/User/workspaceStorage/3ea97fe18bdc7d14897ddeea3eecf9c2/vscode.lock'
2024-07-12 14:38:10.221 [info] Lock '/root/.vscode-server/data/User/workspaceStorage/3ea97fe18bdc7d14897ddeea3eecf9c2/vscode.lock': Could not acquire lock, checking if the file is stale.
2024-07-12 14:38:10.228 [info] Lock '/root/.vscode-server/data/User/workspaceStorage/3ea97fe18bdc7d14897ddeea3eecf9c2/vscode.lock': The lock does not look stale, elapsed: 680 ms, giving up.
2024-07-12 14:38:10.228 [error] Error: EEXIST: file already exists, open '/root/.vscode-server/data/User/workspaceStorage/3ea97fe18bdc7d14897ddeea3eecf9c2-1/vscode.lock'
2024-07-12 14:38:10.228 [info] Lock '/root/.vscode-server/data/User/workspaceStorage/3ea97fe18bdc7d14897ddeea3eecf9c2-1/vscode.lock': Could not acquire lock, checking if the file is stale.
2024-07-12 14:38:10.229 [info] Lock '/root/.vscode-server/data/User/workspaceStorage/3ea97fe18bdc7d14897ddeea3eecf9c2-1/vscode.lock': The lock does not look stale, elapsed: 789 ms, giving up.
2024-07-12 14:38:10.232 [info] Lock '/root/.vscode-server/data/User/workspaceStorage/3ea97fe18bdc7d14897ddeea3eecf9c2-2/vscode.lock': Lock acquired.
2024-07-12 14:38:10.298 [info] ExtensionService#_doActivateExtension vscode.tunnel-forwarding, startup: false, activationEvent: 'onTunnel'
2024-07-12 14:38:10.325 [info] ExtensionService#_doActivateExtension vscode.git-base, startup: true, activationEvent: '*', root cause: vscode.git
2024-07-12 14:38:10.399 [info] ExtensionService#_doActivateExtension vscode.git, startup: true, activationEvent: '*'
2024-07-12 14:38:10.400 [info] ExtensionService#_doActivateExtension vscode.github, startup: true, activationEvent: '*'
2024-07-12 14:38:10.632 [info] Eager extensions activated
2024-07-12 14:38:10.632 [info] ExtensionService#_doActivateExtension vscode.debug-auto-launch, startup: false, activationEvent: 'onStartupFinished'
2024-07-12 14:38:10.633 [info] ExtensionService#_doActivateExtension vscode.merge-conflict, startup: false, activationEvent: 'onStartupFinished'
2024-07-12 14:38:12.876 [info] ExtensionService#_doActivateExtension vscode.emmet, startup: false, activationEvent: 'onLanguage'
2024-07-12 14:38:13.604 [info] ExtensionService#_doActivateExtension ms-azuretools.vscode-docker, startup: false, activationEvent: 'onLanguage:dockerfile'
2024-07-12 14:44:17.846 [info] ExtensionService#_doActivateExtension vscode.npm, startup: false, activationEvent: 'onTerminalQuickFixRequest:ms-vscode.npm-command'
2024-07-12 15:05:24.723 [error] No tree item with id '1//test|LocalGroup/53487bf4a8c043af183b08b2ad375f6d1ee1f19058b906ab84ade769add4f482tomcat1runningundefinedundefined/docker://53487bf4a8c043af183b08b2ad375f6d1ee1f19058b906ab84ade769add4f482/?fileType%3D2%26ctime%3D0%26mtime%3D0%26size%3D0/docker://53487bf4a8c043af183b08b2ad375f6d1ee1f19058b906ab84ade769add4f482/usr?fileType%3D2%26ctime%3D0%26mtime%3D0%26size%3D0%26containerOS%3Dlinux%26path%3D%252Fusr/docker://53487bf4a8c043af183b08b2ad375f6d1ee1f19058b906ab84ade769add4f482/usr/local?fileType%3D2%26ctime%3D0%26mtime%3D0%26size%3D0%26containerOS%3Dlinux%26path%3D%252Fusr%252Flocal/docker://53487bf4a8c043af183b08b2ad375f6d1ee1f19058b906ab84ade769add4f482/usr/local/src?fileType%3D2%26ctime%3D0%26mtime%3D0%26size%3D0%26containerOS%3Dlinux%26path%3D%252Fusr%252Flocal%252Fsrc/docker://53487bf4a8c043af183b08b2ad375f6d1ee1f19058b906ab84ade769add4f482/usr/local/src/tomcat?fileType%3D2%26ctime%3D0%26mtime%3D0%26size%3D0%26containerOS%3Dlinux%26path%3D%252Fusr%252Flocal%252Fsrc%252Ftomcat/docker://53487bf4a8c043af183b08b2ad375f6d1ee1f19058b906ab84ade769add4f482/usr/local/src/tomcat/webapps?fileType%3D2%26ctime%3D0%26mtime%3D0%26size%3D0%26containerOS%3Dlinux%26path%3D%252Fusr%252Flocal%252Fsrc%252Ftomcat%252Fwebapps' found.
2024-07-12 15:31:23.403 [error] Error: read ECONNRESET
	at TLSWrap.onStreamRead (node:internal/stream_base_commons:217:20)
2024-07-12 15:59:26.418 [error] Error: read ECONNRESET
	at TLSWrap.onStreamRead (node:internal/stream_base_commons:217:20)
2024-07-12 17:28:24.541 [info] Extension host terminating: renderer disconnected for too long (2)
2024-07-12 17:28:24.541 [info] Lock '/root/.vscode-server/data/User/workspaceStorage/3ea97fe18bdc7d14897ddeea3eecf9c2-2/vscode.lock': Marking the lockfile as scheduled to be released in 6000 ms.
2024-07-12 17:28:24.596 [info] Extension host with pid 7923 exiting with code 0
