2024-07-08 16:08:25.658 [info] Log level: Info
2024-07-08 16:08:25.658 [info] Validating found git in: "git"
2024-07-08 16:08:25.658 [info] Using git "2.34.1" from "git"
2024-07-08 16:08:25.658 [info] > git rev-parse --show-toplevel [5ms]
2024-07-08 16:08:25.658 [info] fatal: not a git repository (or any of the parent directories): .git
2024-07-08 16:08:25.658 [info] > git rev-parse --show-toplevel [48ms]
2024-07-08 16:08:25.658 [info] fatal: not a git repository (or any of the parent directories): .git
2024-07-08 16:08:25.663 [info] > git rev-parse --show-toplevel [1ms]
2024-07-08 16:08:25.663 [info] fatal: not a git repository (or any of the parent directories): .git
2024-07-08 16:08:25.694 [info] > git rev-parse --show-toplevel [29ms]
2024-07-08 16:08:25.694 [info] fatal: not a git repository (or any of the parent directories): .git
2024-07-08 16:08:25.698 [info] > git rev-parse --show-toplevel [1ms]
2024-07-08 16:08:25.698 [info] fatal: not a git repository (or any of the parent directories): .git
2024-07-08 16:08:25.701 [info] > git rev-parse --show-toplevel [0ms]
2024-07-08 16:08:25.701 [info] fatal: not a git repository (or any of the parent directories): .git
2024-07-08 16:08:25.704 [info] > git rev-parse --show-toplevel [0ms]
2024-07-08 16:08:25.704 [info] fatal: not a git repository (or any of the parent directories): .git
2024-07-08 16:08:25.707 [info] > git rev-parse --show-toplevel [0ms]
2024-07-08 16:08:25.707 [info] fatal: not a git repository (or any of the parent directories): .git
2024-07-08 16:08:33.540 [info] > git rev-parse --show-toplevel [1ms]
2024-07-08 16:08:33.540 [info] fatal: not a git repository (or any of the parent directories): .git
2024-07-08 16:08:35.869 [info] > git rev-parse --show-toplevel [1ms]
2024-07-08 16:08:35.870 [info] fatal: not a git repository (or any of the parent directories): .git
2024-07-08 16:08:37.256 [info] > git rev-parse --show-toplevel [1ms]
2024-07-08 16:08:37.256 [info] fatal: not a git repository (or any of the parent directories): .git
2024-07-08 16:09:19.120 [info] > git rev-parse --show-toplevel [1ms]
2024-07-08 16:09:19.120 [info] fatal: not a git repository (or any of the parent directories): .git
2024-07-08 16:11:17.024 [info] > git rev-parse --show-toplevel [1ms]
2024-07-08 16:11:17.024 [info] fatal: not a git repository (or any of the parent directories): .git
2024-07-08 16:11:43.220 [info] > git rev-parse --show-toplevel [1ms]
2024-07-08 16:11:43.220 [info] fatal: not a git repository (or any of the parent directories): .git
2024-07-08 16:11:49.090 [info] > git rev-parse --show-toplevel [1ms]
2024-07-08 16:11:49.090 [info] fatal: not a git repository (or any of the parent directories): .git
2024-07-08 16:14:45.998 [info] > git rev-parse --show-toplevel [1ms]
2024-07-08 16:14:45.998 [info] fatal: not a git repository (or any of the parent directories): .git
2024-07-08 16:17:25.941 [info] > git rev-parse --show-toplevel [1ms]
2024-07-08 16:17:25.942 [info] fatal: not a git repository (or any of the parent directories): .git
2024-07-08 16:18:53.718 [info] > git rev-parse --show-toplevel [1ms]
2024-07-08 16:18:53.718 [info] fatal: not a git repository (or any of the parent directories): .git
2024-07-08 16:18:54.857 [info] > git rev-parse --show-toplevel [1ms]
2024-07-08 16:18:54.857 [info] fatal: not a git repository (or any of the parent directories): .git
2024-07-08 16:18:56.658 [info] > git rev-parse --show-toplevel [1ms]
2024-07-08 16:18:56.658 [info] fatal: not a git repository (or any of the parent directories): .git
2024-07-08 16:19:06.101 [info] > git rev-parse --show-toplevel [1ms]
2024-07-08 16:19:06.101 [info] fatal: not a git repository (or any of the parent directories): .git
2024-07-08 16:19:07.326 [info] > git rev-parse --show-toplevel [1ms]
2024-07-08 16:19:07.326 [info] fatal: not a git repository (or any of the parent directories): .git
2024-07-08 16:19:10.473 [info] > git rev-parse --show-toplevel [1ms]
2024-07-08 16:19:10.474 [info] fatal: not a git repository (or any of the parent directories): .git
2024-07-08 16:19:14.305 [info] > git rev-parse --show-toplevel [1ms]
2024-07-08 16:19:14.305 [info] fatal: not a git repository (or any of the parent directories): .git
2024-07-08 16:19:22.488 [info] > git rev-parse --show-toplevel [1ms]
2024-07-08 16:19:22.488 [info] fatal: not a git repository (or any of the parent directories): .git
2024-07-08 16:19:31.867 [info] > git rev-parse --show-toplevel [1ms]
2024-07-08 16:19:31.867 [info] fatal: not a git repository (or any of the parent directories): .git
2024-07-08 16:21:28.655 [info] > git rev-parse --show-toplevel [1ms]
2024-07-08 16:21:28.656 [info] fatal: not a git repository (or any of the parent directories): .git
2024-07-08 16:21:29.820 [info] > git rev-parse --show-toplevel [1ms]
2024-07-08 16:21:29.820 [info] fatal: not a git repository (or any of the parent directories): .git
2024-07-08 16:21:30.915 [info] > git rev-parse --show-toplevel [2ms]
2024-07-08 16:21:30.915 [info] fatal: not a git repository (or any of the parent directories): .git
2024-07-08 16:21:33.240 [info] > git rev-parse --show-toplevel [2ms]
2024-07-08 16:21:33.240 [info] fatal: not a git repository (or any of the parent directories): .git
2024-07-08 16:21:48.662 [info] > git rev-parse --show-toplevel [1ms]
2024-07-08 16:21:48.663 [info] fatal: not a git repository (or any of the parent directories): .git
2024-07-08 16:22:04.655 [info] > git rev-parse --show-toplevel [1ms]
2024-07-08 16:22:04.655 [info] fatal: not a git repository (or any of the parent directories): .git
2024-07-08 16:22:05.552 [info] > git rev-parse --show-toplevel [1ms]
2024-07-08 16:22:05.552 [info] fatal: not a git repository (or any of the parent directories): .git
2024-07-08 16:22:12.365 [info] > git rev-parse --show-toplevel [2ms]
2024-07-08 16:22:12.365 [info] fatal: not a git repository (or any of the parent directories): .git
2024-07-08 16:22:13.449 [info] > git rev-parse --show-toplevel [0ms]
2024-07-08 16:22:13.449 [info] fatal: not a git repository (or any of the parent directories): .git
2024-07-08 16:22:14.483 [info] > git rev-parse --show-toplevel [1ms]
2024-07-08 16:22:14.483 [info] fatal: not a git repository (or any of the parent directories): .git
2024-07-08 16:22:15.092 [info] > git rev-parse --show-toplevel [1ms]
2024-07-08 16:22:15.093 [info] fatal: not a git repository (or any of the parent directories): .git
2024-07-08 16:22:16.839 [info] > git rev-parse --show-toplevel [1ms]
2024-07-08 16:22:16.839 [info] fatal: not a git repository (or any of the parent directories): .git
2024-07-08 16:22:17.534 [info] > git rev-parse --show-toplevel [2ms]
2024-07-08 16:22:17.534 [info] fatal: not a git repository (or any of the parent directories): .git
2024-07-08 16:22:20.226 [info] > git rev-parse --show-toplevel [0ms]
2024-07-08 16:22:20.226 [info] fatal: not a git repository (or any of the parent directories): .git
2024-07-08 16:22:21.073 [info] > git rev-parse --show-toplevel [1ms]
2024-07-08 16:22:21.073 [info] fatal: not a git repository (or any of the parent directories): .git
2024-07-08 16:22:21.552 [info] > git rev-parse --show-toplevel [1ms]
2024-07-08 16:22:21.552 [info] fatal: not a git repository (or any of the parent directories): .git
2024-07-08 16:22:22.822 [info] > git rev-parse --show-toplevel [1ms]
2024-07-08 16:22:22.822 [info] fatal: not a git repository (or any of the parent directories): .git
2024-07-08 16:22:26.679 [info] > git rev-parse --show-toplevel [1ms]
2024-07-08 16:22:26.679 [info] fatal: not a git repository (or any of the parent directories): .git
2024-07-08 16:24:12.206 [info] > git rev-parse --show-toplevel [3ms]
2024-07-08 16:24:12.206 [info] fatal: not a git repository (or any of the parent directories): .git
2024-07-08 16:24:29.751 [info] > git rev-parse --show-toplevel [2ms]
2024-07-08 16:24:29.751 [info] fatal: not a git repository (or any of the parent directories): .git
2024-07-08 16:25:41.817 [info] > git rev-parse --show-toplevel [1ms]
2024-07-08 16:25:41.817 [info] fatal: not a git repository (or any of the parent directories): .git
2024-07-08 16:25:45.421 [info] > git rev-parse --show-toplevel [1ms]
2024-07-08 16:25:45.421 [info] fatal: not a git repository (or any of the parent directories): .git
2024-07-08 16:25:46.941 [info] > git rev-parse --show-toplevel [1ms]
2024-07-08 16:25:46.941 [info] fatal: not a git repository (or any of the parent directories): .git
2024-07-08 16:25:54.914 [info] > git rev-parse --show-toplevel [1ms]
2024-07-08 16:25:54.914 [info] fatal: not a git repository (or any of the parent directories): .git
2024-07-08 16:25:56.890 [info] > git rev-parse --show-toplevel [1ms]
2024-07-08 16:25:56.890 [info] fatal: not a git repository (or any of the parent directories): .git
2024-07-08 16:25:58.124 [info] > git rev-parse --show-toplevel [1ms]
2024-07-08 16:25:58.125 [info] fatal: not a git repository (or any of the parent directories): .git
2024-07-08 16:27:56.707 [info] > git rev-parse --show-toplevel [1ms]
2024-07-08 16:27:56.707 [info] fatal: not a git repository (or any of the parent directories): .git
2024-07-08 16:29:53.009 [info] > git rev-parse --show-toplevel [3ms]
2024-07-08 16:29:53.009 [info] fatal: not a git repository (or any of the parent directories): .git
2024-07-08 16:29:58.662 [info] > git rev-parse --show-toplevel [1ms]
2024-07-08 16:29:58.662 [info] fatal: not a git repository (or any of the parent directories): .git
2024-07-08 16:29:59.681 [info] > git rev-parse --show-toplevel [1ms]
2024-07-08 16:29:59.682 [info] fatal: not a git repository (or any of the parent directories): .git
2024-07-08 16:30:02.799 [info] > git rev-parse --show-toplevel [1ms]
2024-07-08 16:30:02.799 [info] fatal: not a git repository (or any of the parent directories): .git
2024-07-08 16:30:04.565 [info] > git rev-parse --show-toplevel [2ms]
2024-07-08 16:30:04.565 [info] fatal: not a git repository (or any of the parent directories): .git
2024-07-08 16:30:06.134 [info] > git rev-parse --show-toplevel [2ms]
2024-07-08 16:30:06.134 [info] fatal: not a git repository (or any of the parent directories): .git
2024-07-08 16:30:08.990 [info] > git rev-parse --show-toplevel [1ms]
2024-07-08 16:30:08.990 [info] fatal: not a git repository (or any of the parent directories): .git
2024-07-08 16:30:12.928 [info] > git rev-parse --show-toplevel [2ms]
2024-07-08 16:30:12.928 [info] fatal: not a git repository (or any of the parent directories): .git
2024-07-08 16:30:13.409 [info] > git rev-parse --show-toplevel [1ms]
2024-07-08 16:30:13.409 [info] fatal: not a git repository (or any of the parent directories): .git
2024-07-08 16:30:25.094 [info] > git rev-parse --show-toplevel [1ms]
2024-07-08 16:30:25.094 [info] fatal: not a git repository (or any of the parent directories): .git
2024-07-08 16:30:27.558 [info] > git rev-parse --show-toplevel [1ms]
2024-07-08 16:30:27.558 [info] fatal: not a git repository (or any of the parent directories): .git
2024-07-08 16:31:26.452 [info] > git rev-parse --show-toplevel [2ms]
2024-07-08 16:31:26.452 [info] fatal: not a git repository (or any of the parent directories): .git
2024-07-08 16:31:31.783 [info] > git rev-parse --show-toplevel [1ms]
2024-07-08 16:31:31.783 [info] fatal: not a git repository (or any of the parent directories): .git
2024-07-08 16:32:22.391 [info] > git rev-parse --show-toplevel [1ms]
2024-07-08 16:32:22.391 [info] fatal: not a git repository (or any of the parent directories): .git
2024-07-08 16:32:27.151 [info] > git rev-parse --show-toplevel [2ms]
2024-07-08 16:32:27.152 [info] fatal: not a git repository (or any of the parent directories): .git
2024-07-08 16:32:28.476 [info] > git rev-parse --show-toplevel [1ms]
2024-07-08 16:32:28.476 [info] fatal: not a git repository (or any of the parent directories): .git
2024-07-08 16:32:29.531 [info] > git rev-parse --show-toplevel [1ms]
2024-07-08 16:32:29.531 [info] fatal: not a git repository (or any of the parent directories): .git
2024-07-08 16:32:30.816 [info] > git rev-parse --show-toplevel [2ms]
2024-07-08 16:32:30.816 [info] fatal: not a git repository (or any of the parent directories): .git
2024-07-08 16:34:44.529 [info] > git rev-parse --show-toplevel [1ms]
2024-07-08 16:34:44.530 [info] fatal: not a git repository (or any of the parent directories): .git
2024-07-08 16:35:06.493 [info] > git rev-parse --show-toplevel [1ms]
2024-07-08 16:35:06.493 [info] fatal: not a git repository (or any of the parent directories): .git
2024-07-08 16:35:10.768 [info] > git rev-parse --show-toplevel [1ms]
2024-07-08 16:35:10.768 [info] fatal: not a git repository (or any of the parent directories): .git
2024-07-08 16:36:44.435 [info] > git rev-parse --show-toplevel [2ms]
2024-07-08 16:36:44.435 [info] fatal: not a git repository (or any of the parent directories): .git
2024-07-08 16:37:00.308 [info] > git rev-parse --show-toplevel [3ms]
2024-07-08 16:37:00.308 [info] fatal: not a git repository (or any of the parent directories): .git
2024-07-08 16:37:02.125 [info] > git rev-parse --show-toplevel [1ms]
2024-07-08 16:37:02.125 [info] fatal: not a git repository (or any of the parent directories): .git
2024-07-08 16:37:41.450 [info] > git rev-parse --show-toplevel [3ms]
2024-07-08 16:37:41.450 [info] fatal: not a git repository (or any of the parent directories): .git
2024-07-08 16:37:45.327 [info] > git rev-parse --show-toplevel [1ms]
2024-07-08 16:37:45.327 [info] fatal: not a git repository (or any of the parent directories): .git
2024-07-08 16:38:06.294 [info] > git rev-parse --show-toplevel [1ms]
2024-07-08 16:38:06.294 [info] fatal: not a git repository (or any of the parent directories): .git
2024-07-08 16:38:11.609 [info] > git rev-parse --show-toplevel [2ms]
2024-07-08 16:38:11.609 [info] fatal: not a git repository (or any of the parent directories): .git
2024-07-08 16:40:06.108 [info] > git rev-parse --show-toplevel [1ms]
2024-07-08 16:40:06.108 [info] fatal: not a git repository (or any of the parent directories): .git
2024-07-08 16:40:10.412 [info] > git rev-parse --show-toplevel [1ms]
2024-07-08 16:40:10.412 [info] fatal: not a git repository (or any of the parent directories): .git
2024-07-08 16:44:25.560 [info] > git rev-parse --show-toplevel [3ms]
2024-07-08 16:44:25.560 [info] fatal: not a git repository (or any of the parent directories): .git
2024-07-08 16:47:53.109 [info] > git rev-parse --show-toplevel [3ms]
2024-07-08 16:47:53.109 [info] fatal: not a git repository (or any of the parent directories): .git
2024-07-08 17:01:39.650 [info] > git rev-parse --show-toplevel [2ms]
2024-07-08 17:01:39.650 [info] fatal: not a git repository (or any of the parent directories): .git
2024-07-08 17:02:30.583 [info] > git rev-parse --show-toplevel [1ms]
2024-07-08 17:02:30.583 [info] fatal: not a git repository (or any of the parent directories): .git
2024-07-08 17:02:34.684 [info] > git rev-parse --show-toplevel [1ms]
2024-07-08 17:02:34.684 [info] fatal: not a git repository (or any of the parent directories): .git
2024-07-08 17:02:43.188 [info] > git rev-parse --show-toplevel [2ms]
2024-07-08 17:02:43.188 [info] fatal: not a git repository (or any of the parent directories): .git
2024-07-08 17:02:56.652 [info] > git rev-parse --show-toplevel [1ms]
2024-07-08 17:02:56.652 [info] fatal: not a git repository (or any of the parent directories): .git
2024-07-08 17:02:58.326 [info] > git rev-parse --show-toplevel [1ms]
2024-07-08 17:02:58.326 [info] fatal: not a git repository (or any of the parent directories): .git
2024-07-08 17:03:06.568 [info] > git rev-parse --show-toplevel [2ms]
2024-07-08 17:03:06.569 [info] fatal: not a git repository (or any of the parent directories): .git
2024-07-08 17:03:07.796 [info] > git rev-parse --show-toplevel [1ms]
2024-07-08 17:03:07.796 [info] fatal: not a git repository (or any of the parent directories): .git
2024-07-08 17:03:08.264 [info] > git rev-parse --show-toplevel [2ms]
2024-07-08 17:03:08.264 [info] fatal: not a git repository (or any of the parent directories): .git
2024-07-08 17:03:08.692 [info] > git rev-parse --show-toplevel [0ms]
2024-07-08 17:03:08.692 [info] fatal: not a git repository (or any of the parent directories): .git
2024-07-08 17:03:09.931 [info] > git rev-parse --show-toplevel [2ms]
2024-07-08 17:03:09.931 [info] fatal: not a git repository (or any of the parent directories): .git
2024-07-08 17:03:10.381 [info] > git rev-parse --show-toplevel [0ms]
2024-07-08 17:03:10.381 [info] fatal: not a git repository (or any of the parent directories): .git
2024-07-08 17:03:10.805 [info] > git rev-parse --show-toplevel [1ms]
2024-07-08 17:03:10.805 [info] fatal: not a git repository (or any of the parent directories): .git
2024-07-08 17:03:11.087 [info] > git rev-parse --show-toplevel [1ms]
2024-07-08 17:03:11.088 [info] fatal: not a git repository (or any of the parent directories): .git
2024-07-08 17:03:11.450 [info] > git rev-parse --show-toplevel [1ms]
2024-07-08 17:03:11.450 [info] fatal: not a git repository (or any of the parent directories): .git
2024-07-08 17:03:12.335 [info] > git rev-parse --show-toplevel [1ms]
2024-07-08 17:03:12.335 [info] fatal: not a git repository (or any of the parent directories): .git
2024-07-08 17:03:13.986 [info] > git rev-parse --show-toplevel [3ms]
2024-07-08 17:03:13.986 [info] fatal: not a git repository (or any of the parent directories): .git
2024-07-08 17:03:19.008 [info] > git rev-parse --show-toplevel [1ms]
2024-07-08 17:03:19.008 [info] fatal: not a git repository (or any of the parent directories): .git
2024-07-08 17:03:35.151 [info] > git rev-parse --show-toplevel [2ms]
2024-07-08 17:03:35.151 [info] fatal: not a git repository (or any of the parent directories): .git
2024-07-08 17:04:47.942 [info] > git rev-parse --show-toplevel [1ms]
2024-07-08 17:04:47.942 [info] fatal: not a git repository (or any of the parent directories): .git
2024-07-08 17:04:49.974 [info] > git rev-parse --show-toplevel [2ms]
2024-07-08 17:04:49.974 [info] fatal: not a git repository (or any of the parent directories): .git
2024-07-08 17:05:24.103 [info] > git rev-parse --show-toplevel [1ms]
2024-07-08 17:05:24.103 [info] fatal: not a git repository (or any of the parent directories): .git
2024-07-08 17:07:14.076 [info] > git rev-parse --show-toplevel [1ms]
2024-07-08 17:07:14.076 [info] fatal: not a git repository (or any of the parent directories): .git
2024-07-08 17:08:29.742 [info] > git rev-parse --show-toplevel [2ms]
2024-07-08 17:08:29.742 [info] fatal: not a git repository (or any of the parent directories): .git
2024-07-08 17:10:22.111 [info] > git rev-parse --show-toplevel [1ms]
2024-07-08 17:10:22.111 [info] fatal: not a git repository (or any of the parent directories): .git
2024-07-08 17:10:38.684 [info] > git rev-parse --show-toplevel [2ms]
2024-07-08 17:10:38.684 [info] fatal: not a git repository (or any of the parent directories): .git
2024-07-08 17:14:19.917 [info] > git rev-parse --show-toplevel [1ms]
2024-07-08 17:14:19.917 [info] fatal: not a git repository (or any of the parent directories): .git
2024-07-08 17:14:41.303 [info] > git rev-parse --show-toplevel [1ms]
2024-07-08 17:14:41.303 [info] fatal: not a git repository (or any of the parent directories): .git
2024-07-08 17:14:54.001 [info] > git rev-parse --show-toplevel [1ms]
2024-07-08 17:14:54.001 [info] fatal: not a git repository (or any of the parent directories): .git
2024-07-08 17:14:57.906 [info] > git rev-parse --show-toplevel [1ms]
2024-07-08 17:14:57.906 [info] fatal: not a git repository (or any of the parent directories): .git
2024-07-08 17:14:59.101 [info] > git rev-parse --show-toplevel [2ms]
2024-07-08 17:14:59.101 [info] fatal: not a git repository (or any of the parent directories): .git
2024-07-08 17:22:41.015 [info] > git rev-parse --show-toplevel [2ms]
2024-07-08 17:22:41.015 [info] fatal: not a git repository (or any of the parent directories): .git
2024-07-08 17:22:42.629 [info] > git rev-parse --show-toplevel [2ms]
2024-07-08 17:22:42.629 [info] fatal: not a git repository (or any of the parent directories): .git
2024-07-08 17:22:43.155 [info] > git rev-parse --show-toplevel [2ms]
2024-07-08 17:22:43.155 [info] fatal: not a git repository (or any of the parent directories): .git
2024-07-08 17:22:48.454 [info] > git rev-parse --show-toplevel [1ms]
2024-07-08 17:22:48.454 [info] fatal: not a git repository (or any of the parent directories): .git
2024-07-08 17:22:49.910 [info] > git rev-parse --show-toplevel [0ms]
2024-07-08 17:22:49.910 [info] fatal: not a git repository (or any of the parent directories): .git
2024-07-08 17:22:52.220 [info] > git rev-parse --show-toplevel [2ms]
2024-07-08 17:22:52.220 [info] fatal: not a git repository (or any of the parent directories): .git
2024-07-08 17:23:19.761 [info] > git rev-parse --show-toplevel [1ms]
2024-07-08 17:23:19.761 [info] fatal: not a git repository (or any of the parent directories): .git
2024-07-08 17:23:23.687 [info] > git rev-parse --show-toplevel [13ms]
2024-07-08 17:23:23.687 [info] fatal: not a git repository (or any of the parent directories): .git
2024-07-08 17:24:06.932 [info] > git rev-parse --show-toplevel [1ms]
2024-07-08 17:24:06.932 [info] fatal: not a git repository (or any of the parent directories): .git
2024-07-08 17:27:05.320 [info] > git rev-parse --show-toplevel [1ms]
2024-07-08 17:27:05.320 [info] fatal: not a git repository (or any of the parent directories): .git
2024-07-08 17:27:10.267 [info] > git rev-parse --show-toplevel [2ms]
2024-07-08 17:27:10.267 [info] fatal: not a git repository (or any of the parent directories): .git
2024-07-08 17:27:17.271 [info] > git rev-parse --show-toplevel [1ms]
2024-07-08 17:27:17.272 [info] fatal: not a git repository (or any of the parent directories): .git
2024-07-08 17:27:22.272 [info] > git rev-parse --show-toplevel [1ms]
2024-07-08 17:27:22.272 [info] fatal: not a git repository (or any of the parent directories): .git
2024-07-08 17:27:47.169 [info] > git rev-parse --show-toplevel [1ms]
2024-07-08 17:27:47.170 [info] fatal: not a git repository (or any of the parent directories): .git
2024-07-08 17:27:51.551 [info] > git rev-parse --show-toplevel [0ms]
2024-07-08 17:27:51.551 [info] fatal: not a git repository (or any of the parent directories): .git
2024-07-08 17:28:05.179 [info] > git rev-parse --show-toplevel [2ms]
2024-07-08 17:28:05.179 [info] fatal: not a git repository (or any of the parent directories): .git
2024-07-08 17:28:22.381 [info] > git rev-parse --show-toplevel [1ms]
2024-07-08 17:28:22.381 [info] fatal: not a git repository (or any of the parent directories): .git
2024-07-08 17:28:22.728 [info] > git rev-parse --show-toplevel [1ms]
2024-07-08 17:28:22.728 [info] fatal: not a git repository (or any of the parent directories): .git
2024-07-08 17:28:24.638 [info] > git rev-parse --show-toplevel [1ms]
2024-07-08 17:28:24.639 [info] fatal: not a git repository (or any of the parent directories): .git
2024-07-08 17:28:28.788 [info] > git rev-parse --show-toplevel [1ms]
2024-07-08 17:28:28.788 [info] fatal: not a git repository (or any of the parent directories): .git
2024-07-08 17:28:30.391 [info] > git rev-parse --show-toplevel [1ms]
2024-07-08 17:28:30.391 [info] fatal: not a git repository (or any of the parent directories): .git
2024-07-08 17:28:36.696 [info] > git rev-parse --show-toplevel [0ms]
2024-07-08 17:28:36.696 [info] fatal: not a git repository (or any of the parent directories): .git
2024-07-08 17:28:59.391 [info] > git rev-parse --show-toplevel [2ms]
2024-07-08 17:28:59.391 [info] fatal: not a git repository (or any of the parent directories): .git
2024-07-08 17:29:03.652 [info] > git rev-parse --show-toplevel [2ms]
2024-07-08 17:29:03.652 [info] fatal: not a git repository (or any of the parent directories): .git
2024-07-08 17:29:04.119 [info] > git rev-parse --show-toplevel [2ms]
2024-07-08 17:29:04.119 [info] fatal: not a git repository (or any of the parent directories): .git
2024-07-08 17:31:22.049 [info] > git rev-parse --show-toplevel [2ms]
2024-07-08 17:31:22.049 [info] fatal: not a git repository (or any of the parent directories): .git
2024-07-08 17:31:53.431 [info] > git rev-parse --show-toplevel [1ms]
2024-07-08 17:31:53.431 [info] fatal: not a git repository (or any of the parent directories): .git
2024-07-08 17:32:03.587 [info] > git rev-parse --show-toplevel [1ms]
2024-07-08 17:32:03.587 [info] fatal: not a git repository (or any of the parent directories): .git
2024-07-08 17:33:27.139 [info] > git rev-parse --show-toplevel [1ms]
2024-07-08 17:33:27.139 [info] fatal: not a git repository (or any of the parent directories): .git
2024-07-08 17:33:32.575 [info] > git rev-parse --show-toplevel [1ms]
2024-07-08 17:33:32.575 [info] fatal: not a git repository (or any of the parent directories): .git
2024-07-08 17:34:22.699 [info] > git rev-parse --show-toplevel [1ms]
2024-07-08 17:34:22.699 [info] fatal: not a git repository (or any of the parent directories): .git
2024-07-08 17:34:23.667 [info] > git rev-parse --show-toplevel [1ms]
2024-07-08 17:34:23.667 [info] fatal: not a git repository (or any of the parent directories): .git
2024-07-08 17:34:26.515 [info] > git rev-parse --show-toplevel [1ms]
2024-07-08 17:34:26.515 [info] fatal: not a git repository (or any of the parent directories): .git
2024-07-08 17:34:31.809 [info] > git rev-parse --show-toplevel [2ms]
2024-07-08 17:34:31.809 [info] fatal: not a git repository (or any of the parent directories): .git
2024-07-08 17:34:33.937 [info] > git rev-parse --show-toplevel [2ms]
2024-07-08 17:34:33.937 [info] fatal: not a git repository (or any of the parent directories): .git
2024-07-08 17:34:36.423 [info] > git rev-parse --show-toplevel [1ms]
2024-07-08 17:34:36.423 [info] fatal: not a git repository (or any of the parent directories): .git
2024-07-08 17:34:37.533 [info] > git rev-parse --show-toplevel [0ms]
2024-07-08 17:34:37.533 [info] fatal: not a git repository (or any of the parent directories): .git
2024-07-08 17:34:39.230 [info] > git rev-parse --show-toplevel [1ms]
2024-07-08 17:34:39.230 [info] fatal: not a git repository (or any of the parent directories): .git
2024-07-08 17:34:40.019 [info] > git rev-parse --show-toplevel [1ms]
2024-07-08 17:34:40.019 [info] fatal: not a git repository (or any of the parent directories): .git
2024-07-08 17:34:41.636 [info] > git rev-parse --show-toplevel [2ms]
2024-07-08 17:34:41.636 [info] fatal: not a git repository (or any of the parent directories): .git
2024-07-08 17:34:42.274 [info] > git rev-parse --show-toplevel [2ms]
2024-07-08 17:34:42.274 [info] fatal: not a git repository (or any of the parent directories): .git
2024-07-08 17:34:42.705 [info] > git rev-parse --show-toplevel [1ms]
2024-07-08 17:34:42.705 [info] fatal: not a git repository (or any of the parent directories): .git
2024-07-08 17:34:43.396 [info] > git rev-parse --show-toplevel [2ms]
2024-07-08 17:34:43.396 [info] fatal: not a git repository (or any of the parent directories): .git
2024-07-08 17:34:43.828 [info] > git rev-parse --show-toplevel [1ms]
2024-07-08 17:34:43.828 [info] fatal: not a git repository (or any of the parent directories): .git
2024-07-08 17:34:44.539 [info] > git rev-parse --show-toplevel [1ms]
2024-07-08 17:34:44.539 [info] fatal: not a git repository (or any of the parent directories): .git
2024-07-08 17:34:45.119 [info] > git rev-parse --show-toplevel [1ms]
2024-07-08 17:34:45.119 [info] fatal: not a git repository (or any of the parent directories): .git
2024-07-08 17:34:45.661 [info] > git rev-parse --show-toplevel [1ms]
2024-07-08 17:34:45.661 [info] fatal: not a git repository (or any of the parent directories): .git
2024-07-08 17:34:49.363 [info] > git rev-parse --show-toplevel [2ms]
2024-07-08 17:34:49.363 [info] fatal: not a git repository (or any of the parent directories): .git
2024-07-08 17:34:55.463 [info] > git rev-parse --show-toplevel [1ms]
2024-07-08 17:34:55.463 [info] fatal: not a git repository (or any of the parent directories): .git
2024-07-08 17:34:56.132 [info] > git rev-parse --show-toplevel [2ms]
2024-07-08 17:34:56.132 [info] fatal: not a git repository (or any of the parent directories): .git
2024-07-08 17:34:56.879 [info] > git rev-parse --show-toplevel [1ms]
2024-07-08 17:34:56.879 [info] fatal: not a git repository (or any of the parent directories): .git
2024-07-08 17:34:57.425 [info] > git rev-parse --show-toplevel [2ms]
2024-07-08 17:34:57.425 [info] fatal: not a git repository (or any of the parent directories): .git
2024-07-08 17:34:58.678 [info] > git rev-parse --show-toplevel [1ms]
2024-07-08 17:34:58.679 [info] fatal: not a git repository (or any of the parent directories): .git
2024-07-08 17:35:42.401 [info] > git rev-parse --show-toplevel [1ms]
2024-07-08 17:35:42.401 [info] fatal: not a git repository (or any of the parent directories): .git
2024-07-08 17:36:18.152 [info] > git rev-parse --show-toplevel [1ms]
2024-07-08 17:36:18.152 [info] fatal: not a git repository (or any of the parent directories): .git
2024-07-08 17:36:24.058 [info] > git rev-parse --show-toplevel [2ms]
2024-07-08 17:36:24.058 [info] fatal: not a git repository (or any of the parent directories): .git
2024-07-08 17:36:36.423 [info] > git rev-parse --show-toplevel [1ms]
2024-07-08 17:36:36.423 [info] fatal: not a git repository (or any of the parent directories): .git
2024-07-08 17:36:38.443 [info] > git rev-parse --show-toplevel [2ms]
2024-07-08 17:36:38.443 [info] fatal: not a git repository (or any of the parent directories): .git
2024-07-08 17:46:17.854 [info] > git rev-parse --show-toplevel [2ms]
2024-07-08 17:46:17.854 [info] fatal: not a git repository (or any of the parent directories): .git
2024-07-08 17:48:46.372 [info] > git rev-parse --show-toplevel [0ms]
2024-07-08 17:48:46.372 [info] fatal: not a git repository (or any of the parent directories): .git
2024-07-08 17:51:43.117 [info] > git rev-parse --show-toplevel [1ms]
2024-07-08 17:51:43.117 [info] fatal: not a git repository (or any of the parent directories): .git
2024-07-08 17:53:29.101 [info] > git rev-parse --show-toplevel [1ms]
2024-07-08 17:53:29.101 [info] fatal: not a git repository (or any of the parent directories): .git
2024-07-08 17:56:00.933 [info] > git rev-parse --show-toplevel [2ms]
2024-07-08 17:56:00.933 [info] fatal: not a git repository (or any of the parent directories): .git
