2024-07-11 08:57:06.613 [info] Extension host with pid 2812 started
2024-07-11 08:57:06.614 [error] Error: EEXIST: file already exists, open '/root/.vscode-server/data/User/workspaceStorage/decbaa71f00ccc70ee4822bb32cad01d/vscode.lock'
2024-07-11 08:57:06.630 [info] Lock '/root/.vscode-server/data/User/workspaceStorage/decbaa71f00ccc70ee4822bb32cad01d/vscode.lock': Could not acquire lock, checking if the file is stale.
2024-07-11 08:57:06.635 [info] Lock '/root/.vscode-server/data/User/workspaceStorage/decbaa71f00ccc70ee4822bb32cad01d/vscode.lock': The pid 34623 appears to be gone.
2024-07-11 08:57:06.635 [info] Lock '/root/.vscode-server/data/User/workspaceStorage/decbaa71f00ccc70ee4822bb32cad01d/vscode.lock': Deleting a stale lock.
2024-07-11 08:57:06.639 [info] Lock '/root/.vscode-server/data/User/workspaceStorage/decbaa71f00ccc70ee4822bb32cad01d/vscode.lock': Lock acquired.
2024-07-11 08:57:06.740 [info] ExtensionService#_doActivateExtension vscode.emmet, startup: false, activationEvent: 'onLanguage'
2024-07-11 08:57:06.741 [info] ExtensionService#_doActivateExtension vscode.tunnel-forwarding, startup: false, activationEvent: 'onTunnel'
2024-07-11 08:57:06.856 [info] ExtensionService#_doActivateExtension vscode.git-base, startup: true, activationEvent: '*', root cause: vscode.git
2024-07-11 08:57:06.887 [info] ExtensionService#_doActivateExtension vscode.git, startup: true, activationEvent: '*'
2024-07-11 08:57:06.888 [info] ExtensionService#_doActivateExtension vscode.github, startup: true, activationEvent: '*'
2024-07-11 08:57:07.271 [info] Eager extensions activated
2024-07-11 08:57:07.272 [info] ExtensionService#_doActivateExtension vscode.debug-auto-launch, startup: false, activationEvent: 'onStartupFinished'
2024-07-11 08:57:07.272 [info] ExtensionService#_doActivateExtension vscode.merge-conflict, startup: false, activationEvent: 'onStartupFinished'
2024-07-11 08:57:19.950 [warning] [Decorations] CAPPING events from decorations provider vscode.git 286
2024-07-11 08:57:24.993 [warning] [Decorations] CAPPING events from decorations provider vscode.git 286
2024-07-11 08:57:30.054 [warning] [Decorations] CAPPING events from decorations provider vscode.git 286
2024-07-11 08:57:35.099 [warning] [Decorations] CAPPING events from decorations provider vscode.git 286
2024-07-11 08:57:40.141 [warning] [Decorations] CAPPING events from decorations provider vscode.git 286
2024-07-11 08:57:45.184 [warning] [Decorations] CAPPING events from decorations provider vscode.git 286
2024-07-11 08:57:50.226 [warning] [Decorations] CAPPING events from decorations provider vscode.git 286
2024-07-11 08:57:55.272 [warning] [Decorations] CAPPING events from decorations provider vscode.git 286
2024-07-11 08:58:00.325 [warning] [Decorations] CAPPING events from decorations provider vscode.git 286
2024-07-11 08:58:05.375 [warning] [Decorations] CAPPING events from decorations provider vscode.git 286
2024-07-11 08:58:43.578 [warning] [Decorations] CAPPING events from decorations provider vscode.git 286
2024-07-11 10:30:22.181 [warning] [Decorations] CAPPING events from decorations provider vscode.git 286
2024-07-11 10:30:24.181 [info] ExtensionService#_doActivateExtension ms-azuretools.vscode-docker, startup: false, activationEvent: 'onLanguage:dockerfile'
2024-07-11 10:30:27.227 [warning] [Decorations] CAPPING events from decorations provider vscode.git 287
2024-07-11 10:30:32.272 [warning] [Decorations] CAPPING events from decorations provider vscode.git 287
2024-07-11 10:30:37.321 [warning] [Decorations] CAPPING events from decorations provider vscode.git 287
2024-07-11 10:30:42.364 [warning] [Decorations] CAPPING events from decorations provider vscode.git 287
2024-07-11 10:30:47.407 [warning] [Decorations] CAPPING events from decorations provider vscode.git 287
2024-07-11 10:30:52.457 [warning] [Decorations] CAPPING events from decorations provider vscode.git 287
2024-07-11 10:30:57.501 [warning] [Decorations] CAPPING events from decorations provider vscode.git 287
2024-07-11 10:31:02.549 [warning] [Decorations] CAPPING events from decorations provider vscode.git 287
2024-07-11 10:31:07.593 [warning] [Decorations] CAPPING events from decorations provider vscode.git 287
2024-07-11 10:31:12.636 [warning] [Decorations] CAPPING events from decorations provider vscode.git 287
2024-07-11 10:31:54.802 [warning] [Decorations] CAPPING events from decorations provider vscode.git 287
2024-07-11 10:31:59.846 [warning] [Decorations] CAPPING events from decorations provider vscode.git 287
2024-07-11 10:32:04.890 [warning] [Decorations] CAPPING events from decorations provider vscode.git 287
2024-07-11 10:32:09.933 [warning] [Decorations] CAPPING events from decorations provider vscode.git 287
2024-07-11 10:32:14.978 [warning] [Decorations] CAPPING events from decorations provider vscode.git 288
2024-07-11 10:32:20.020 [warning] [Decorations] CAPPING events from decorations provider vscode.git 288
2024-07-11 10:32:25.061 [warning] [Decorations] CAPPING events from decorations provider vscode.git 288
2024-07-11 10:32:30.106 [warning] [Decorations] CAPPING events from decorations provider vscode.git 288
2024-07-11 10:32:35.146 [warning] [Decorations] CAPPING events from decorations provider vscode.git 288
2024-07-11 10:32:40.192 [warning] [Decorations] CAPPING events from decorations provider vscode.git 288
2024-07-11 10:32:45.233 [warning] [Decorations] CAPPING events from decorations provider vscode.git 289
2024-07-11 10:32:50.275 [warning] [Decorations] CAPPING events from decorations provider vscode.git 289
2024-07-11 10:32:55.317 [warning] [Decorations] CAPPING events from decorations provider vscode.git 289
2024-07-11 10:33:00.364 [warning] [Decorations] CAPPING events from decorations provider vscode.git 289
2024-07-11 10:33:01.668 [info] ExtensionService#_doActivateExtension vscode.npm, startup: false, activationEvent: 'onTerminalQuickFixRequest:ms-vscode.npm-command'
2024-07-11 10:33:05.405 [warning] [Decorations] CAPPING events from decorations provider vscode.git 289
2024-07-11 10:33:10.447 [warning] [Decorations] CAPPING events from decorations provider vscode.git 289
2024-07-11 10:33:15.487 [warning] [Decorations] CAPPING events from decorations provider vscode.git 289
2024-07-11 10:33:20.533 [warning] [Decorations] CAPPING events from decorations provider vscode.git 289
2024-07-11 10:33:25.574 [warning] [Decorations] CAPPING events from decorations provider vscode.git 289
2024-07-11 10:33:30.614 [warning] [Decorations] CAPPING events from decorations provider vscode.git 289
2024-07-11 10:33:35.659 [warning] [Decorations] CAPPING events from decorations provider vscode.git 290
2024-07-11 10:33:40.762 [warning] [Decorations] CAPPING events from decorations provider vscode.git 297
2024-07-11 10:33:45.802 [warning] [Decorations] CAPPING events from decorations provider vscode.git 297
2024-07-11 10:33:50.841 [warning] [Decorations] CAPPING events from decorations provider vscode.git 297
2024-07-11 10:33:55.882 [warning] [Decorations] CAPPING events from decorations provider vscode.git 298
2024-07-11 10:34:00.921 [warning] [Decorations] CAPPING events from decorations provider vscode.git 299
2024-07-11 10:34:05.963 [warning] [Decorations] CAPPING events from decorations provider vscode.git 299
2024-07-11 10:34:11.009 [warning] [Decorations] CAPPING events from decorations provider vscode.git 299
2024-07-11 10:34:16.052 [warning] [Decorations] CAPPING events from decorations provider vscode.git 299
2024-07-11 10:34:21.094 [warning] [Decorations] CAPPING events from decorations provider vscode.git 299
2024-07-11 10:34:26.134 [warning] [Decorations] CAPPING events from decorations provider vscode.git 299
2024-07-11 10:34:31.179 [warning] [Decorations] CAPPING events from decorations provider vscode.git 299
2024-07-11 10:34:36.254 [warning] [Decorations] CAPPING events from decorations provider vscode.git 301
2024-07-11 10:34:41.299 [warning] [Decorations] CAPPING events from decorations provider vscode.git 301
2024-07-11 10:34:46.809 [warning] [Decorations] CAPPING events from decorations provider vscode.git 301
2024-07-11 10:34:51.849 [warning] [Decorations] CAPPING events from decorations provider vscode.git 301
2024-07-11 10:34:56.898 [warning] [Decorations] CAPPING events from decorations provider vscode.git 301
2024-07-11 10:35:01.941 [warning] [Decorations] CAPPING events from decorations provider vscode.git 301
2024-07-11 10:35:06.987 [warning] [Decorations] CAPPING events from decorations provider vscode.git 301
2024-07-11 10:35:12.030 [warning] [Decorations] CAPPING events from decorations provider vscode.git 301
2024-07-11 10:35:17.071 [warning] [Decorations] CAPPING events from decorations provider vscode.git 301
2024-07-11 10:35:22.114 [warning] [Decorations] CAPPING events from decorations provider vscode.git 301
2024-07-11 10:35:27.157 [warning] [Decorations] CAPPING events from decorations provider vscode.git 301
2024-07-11 10:35:32.199 [warning] [Decorations] CAPPING events from decorations provider vscode.git 301
2024-07-11 10:35:37.253 [warning] [Decorations] CAPPING events from decorations provider vscode.git 301
2024-07-11 10:35:42.297 [warning] [Decorations] CAPPING events from decorations provider vscode.git 301
2024-07-11 10:35:47.340 [warning] [Decorations] CAPPING events from decorations provider vscode.git 301
2024-07-11 10:35:52.387 [warning] [Decorations] CAPPING events from decorations provider vscode.git 301
2024-07-11 10:35:57.436 [warning] [Decorations] CAPPING events from decorations provider vscode.git 301
2024-07-11 10:36:02.485 [warning] [Decorations] CAPPING events from decorations provider vscode.git 301
2024-07-11 10:36:07.532 [warning] [Decorations] CAPPING events from decorations provider vscode.git 301
2024-07-11 10:36:12.577 [warning] [Decorations] CAPPING events from decorations provider vscode.git 301
2024-07-11 10:36:17.621 [warning] [Decorations] CAPPING events from decorations provider vscode.git 301
2024-07-11 10:36:22.663 [warning] [Decorations] CAPPING events from decorations provider vscode.git 301
2024-07-11 10:36:27.702 [warning] [Decorations] CAPPING events from decorations provider vscode.git 301
2024-07-11 10:36:32.794 [warning] [Decorations] CAPPING events from decorations provider vscode.git 302
2024-07-11 10:36:41.850 [warning] [Decorations] CAPPING events from decorations provider vscode.git 302
2024-07-11 10:36:46.890 [warning] [Decorations] CAPPING events from decorations provider vscode.git 302
2024-07-11 10:36:51.932 [warning] [Decorations] CAPPING events from decorations provider vscode.git 302
2024-07-11 10:36:56.972 [warning] [Decorations] CAPPING events from decorations provider vscode.git 302
2024-07-11 10:37:02.018 [warning] [Decorations] CAPPING events from decorations provider vscode.git 302
2024-07-11 10:37:07.059 [warning] [Decorations] CAPPING events from decorations provider vscode.git 302
2024-07-11 10:37:12.104 [warning] [Decorations] CAPPING events from decorations provider vscode.git 302
2024-07-11 10:37:17.145 [warning] [Decorations] CAPPING events from decorations provider vscode.git 302
2024-07-11 10:37:22.187 [warning] [Decorations] CAPPING events from decorations provider vscode.git 302
2024-07-11 10:37:27.228 [warning] [Decorations] CAPPING events from decorations provider vscode.git 302
2024-07-11 10:37:32.269 [warning] [Decorations] CAPPING events from decorations provider vscode.git 302
2024-07-11 10:37:37.313 [warning] [Decorations] CAPPING events from decorations provider vscode.git 302
2024-07-11 10:37:42.851 [warning] [Decorations] CAPPING events from decorations provider vscode.git 302
2024-07-11 10:37:47.894 [warning] [Decorations] CAPPING events from decorations provider vscode.git 302
2024-07-11 10:37:52.939 [warning] [Decorations] CAPPING events from decorations provider vscode.git 302
2024-07-11 10:37:57.989 [warning] [Decorations] CAPPING events from decorations provider vscode.git 302
2024-07-11 10:38:03.030 [warning] [Decorations] CAPPING events from decorations provider vscode.git 302
2024-07-11 10:38:08.072 [warning] [Decorations] CAPPING events from decorations provider vscode.git 302
2024-07-11 10:38:13.115 [warning] [Decorations] CAPPING events from decorations provider vscode.git 302
2024-07-11 10:38:18.157 [warning] [Decorations] CAPPING events from decorations provider vscode.git 302
2024-07-11 10:38:23.210 [warning] [Decorations] CAPPING events from decorations provider vscode.git 302
2024-07-11 10:38:28.251 [warning] [Decorations] CAPPING events from decorations provider vscode.git 302
2024-07-11 10:38:33.294 [warning] [Decorations] CAPPING events from decorations provider vscode.git 302
2024-07-11 10:38:38.337 [warning] [Decorations] CAPPING events from decorations provider vscode.git 303
2024-07-11 10:38:43.376 [warning] [Decorations] CAPPING events from decorations provider vscode.git 303
2024-07-11 10:38:48.417 [warning] [Decorations] CAPPING events from decorations provider vscode.git 303
2024-07-11 10:38:53.459 [warning] [Decorations] CAPPING events from decorations provider vscode.git 303
2024-07-11 10:38:58.503 [warning] [Decorations] CAPPING events from decorations provider vscode.git 303
2024-07-11 10:39:05.898 [warning] [Decorations] CAPPING events from decorations provider vscode.git 305
2024-07-11 10:39:10.985 [warning] [Decorations] CAPPING events from decorations provider vscode.git 305
2024-07-11 10:39:28.357 [warning] [Decorations] CAPPING events from decorations provider vscode.git 305
2024-07-11 10:39:33.435 [warning] [Decorations] CAPPING events from decorations provider vscode.git 305
2024-07-11 10:39:46.968 [warning] [Decorations] CAPPING events from decorations provider vscode.git 305
2024-07-11 10:40:13.729 [warning] [Decorations] CAPPING events from decorations provider vscode.git 305
2024-07-11 10:40:18.769 [warning] [Decorations] CAPPING events from decorations provider vscode.git 305
2024-07-11 10:40:23.823 [warning] [Decorations] CAPPING events from decorations provider vscode.git 305
2024-07-11 10:40:28.862 [warning] [Decorations] CAPPING events from decorations provider vscode.git 305
2024-07-11 10:40:33.931 [warning] [Decorations] CAPPING events from decorations provider vscode.git 305
2024-07-11 10:40:38.971 [warning] [Decorations] CAPPING events from decorations provider vscode.git 305
2024-07-11 10:40:44.012 [warning] [Decorations] CAPPING events from decorations provider vscode.git 305
2024-07-11 10:40:49.914 [warning] [Decorations] CAPPING events from decorations provider vscode.git 305
2024-07-11 10:40:54.962 [warning] [Decorations] CAPPING events from decorations provider vscode.git 305
2024-07-11 10:41:00.002 [warning] [Decorations] CAPPING events from decorations provider vscode.git 306
2024-07-11 10:41:05.044 [warning] [Decorations] CAPPING events from decorations provider vscode.git 306
2024-07-11 10:42:15.372 [warning] [Decorations] CAPPING events from decorations provider vscode.git 306
2024-07-11 10:42:20.422 [warning] [Decorations] CAPPING events from decorations provider vscode.git 306
2024-07-11 10:42:37.965 [warning] [Decorations] CAPPING events from decorations provider vscode.git 306
2024-07-11 10:42:43.005 [warning] [Decorations] CAPPING events from decorations provider vscode.git 306
2024-07-11 10:42:48.049 [warning] [Decorations] CAPPING events from decorations provider vscode.git 306
2024-07-11 10:42:53.091 [warning] [Decorations] CAPPING events from decorations provider vscode.git 306
2024-07-11 10:42:58.138 [warning] [Decorations] CAPPING events from decorations provider vscode.git 306
2024-07-11 10:43:03.185 [warning] [Decorations] CAPPING events from decorations provider vscode.git 306
2024-07-11 10:43:08.229 [warning] [Decorations] CAPPING events from decorations provider vscode.git 306
2024-07-11 10:43:13.273 [warning] [Decorations] CAPPING events from decorations provider vscode.git 306
2024-07-11 10:43:18.312 [warning] [Decorations] CAPPING events from decorations provider vscode.git 306
2024-07-11 10:43:23.976 [warning] [Decorations] CAPPING events from decorations provider vscode.git 306
2024-07-11 10:43:29.016 [warning] [Decorations] CAPPING events from decorations provider vscode.git 306
2024-07-11 10:43:34.085 [warning] [Decorations] CAPPING events from decorations provider vscode.git 306
2024-07-11 10:43:39.128 [warning] [Decorations] CAPPING events from decorations provider vscode.git 306
2024-07-11 10:43:44.169 [warning] [Decorations] CAPPING events from decorations provider vscode.git 306
2024-07-11 10:43:49.211 [warning] [Decorations] CAPPING events from decorations provider vscode.git 306
2024-07-11 10:43:55.017 [warning] [Decorations] CAPPING events from decorations provider vscode.git 307
2024-07-11 10:44:00.061 [warning] [Decorations] CAPPING events from decorations provider vscode.git 307
2024-07-11 10:44:05.105 [warning] [Decorations] CAPPING events from decorations provider vscode.git 308
2024-07-11 10:44:10.148 [warning] [Decorations] CAPPING events from decorations provider vscode.git 308
2024-07-11 10:44:18.020 [warning] [Decorations] CAPPING events from decorations provider vscode.git 315
2024-07-11 10:44:53.915 [warning] [Decorations] CAPPING events from decorations provider vscode.git 315
2024-07-11 10:44:58.957 [warning] [Decorations] CAPPING events from decorations provider vscode.git 315
2024-07-11 10:45:03.999 [warning] [Decorations] CAPPING events from decorations provider vscode.git 316
2024-07-11 10:45:09.039 [warning] [Decorations] CAPPING events from decorations provider vscode.git 316
2024-07-11 10:45:15.008 [warning] [Decorations] CAPPING events from decorations provider vscode.git 317
2024-07-11 10:45:20.050 [warning] [Decorations] CAPPING events from decorations provider vscode.git 317
2024-07-11 10:45:25.097 [warning] [Decorations] CAPPING events from decorations provider vscode.git 317
2024-07-11 10:45:30.140 [warning] [Decorations] CAPPING events from decorations provider vscode.git 317
2024-07-11 10:45:35.180 [warning] [Decorations] CAPPING events from decorations provider vscode.git 317
2024-07-11 10:45:40.221 [warning] [Decorations] CAPPING events from decorations provider vscode.git 317
2024-07-11 10:45:45.265 [warning] [Decorations] CAPPING events from decorations provider vscode.git 318
2024-07-11 10:45:50.309 [warning] [Decorations] CAPPING events from decorations provider vscode.git 325
2024-07-11 10:45:58.010 [warning] [Decorations] CAPPING events from decorations provider vscode.git 325
2024-07-11 10:46:03.075 [warning] [Decorations] CAPPING events from decorations provider vscode.git 325
2024-07-11 10:46:08.140 [warning] [Decorations] CAPPING events from decorations provider vscode.git 325
2024-07-11 10:46:16.106 [warning] [Decorations] CAPPING events from decorations provider vscode.git 325
2024-07-11 10:46:21.192 [warning] [Decorations] CAPPING events from decorations provider vscode.git 325
2024-07-11 10:46:26.267 [warning] [Decorations] CAPPING events from decorations provider vscode.git 325
2024-07-11 10:46:32.112 [warning] [Decorations] CAPPING events from decorations provider vscode.git 325
2024-07-11 10:46:37.154 [warning] [Decorations] CAPPING events from decorations provider vscode.git 325
2024-07-11 10:46:55.205 [warning] [Decorations] CAPPING events from decorations provider vscode.git 325
2024-07-11 10:47:38.072 [warning] [Decorations] CAPPING events from decorations provider vscode.git 325
2024-07-11 10:47:43.796 [warning] [Decorations] CAPPING events from decorations provider vscode.git 325
2024-07-11 10:47:55.248 [warning] [Decorations] CAPPING events from decorations provider vscode.git 325
2024-07-11 10:48:00.292 [warning] [Decorations] CAPPING events from decorations provider vscode.git 325
2024-07-11 10:48:05.334 [warning] [Decorations] CAPPING events from decorations provider vscode.git 325
2024-07-11 10:48:10.380 [warning] [Decorations] CAPPING events from decorations provider vscode.git 325
2024-07-11 10:48:15.434 [warning] [Decorations] CAPPING events from decorations provider vscode.git 325
2024-07-11 10:48:20.479 [warning] [Decorations] CAPPING events from decorations provider vscode.git 325
2024-07-11 10:48:59.726 [warning] [Decorations] CAPPING events from decorations provider vscode.git 325
2024-07-11 10:50:02.251 [warning] [Decorations] CAPPING events from decorations provider vscode.git 325
2024-07-11 10:50:07.297 [warning] [Decorations] CAPPING events from decorations provider vscode.git 325
2024-07-11 10:50:12.343 [warning] [Decorations] CAPPING events from decorations provider vscode.git 325
2024-07-11 10:50:17.386 [warning] [Decorations] CAPPING events from decorations provider vscode.git 325
2024-07-11 10:50:22.430 [warning] [Decorations] CAPPING events from decorations provider vscode.git 325
2024-07-11 10:50:27.514 [warning] [Decorations] CAPPING events from decorations provider vscode.git 325
2024-07-11 10:50:32.554 [warning] [Decorations] CAPPING events from decorations provider vscode.git 325
2024-07-11 10:50:41.169 [warning] [Decorations] CAPPING events from decorations provider vscode.git 326
2024-07-11 10:50:46.219 [warning] [Decorations] CAPPING events from decorations provider vscode.git 326
2024-07-11 10:50:51.264 [warning] [Decorations] CAPPING events from decorations provider vscode.git 326
2024-07-11 10:50:56.315 [warning] [Decorations] CAPPING events from decorations provider vscode.git 326
2024-07-11 10:51:02.139 [warning] [Decorations] CAPPING events from decorations provider vscode.git 326
2024-07-11 10:51:07.185 [warning] [Decorations] CAPPING events from decorations provider vscode.git 327
2024-07-11 10:51:12.229 [warning] [Decorations] CAPPING events from decorations provider vscode.git 328
2024-07-11 10:51:17.280 [warning] [Decorations] CAPPING events from decorations provider vscode.git 328
2024-07-11 10:51:22.322 [warning] [Decorations] CAPPING events from decorations provider vscode.git 328
2024-07-11 10:51:26.361 [info] ExtensionService#_doActivateExtension vscode.html-language-features, startup: false, activationEvent: 'onLanguage:html'
2024-07-11 10:51:27.366 [warning] [Decorations] CAPPING events from decorations provider vscode.git 329
2024-07-11 10:51:32.414 [warning] [Decorations] CAPPING events from decorations provider vscode.git 329
2024-07-11 10:51:37.460 [warning] [Decorations] CAPPING events from decorations provider vscode.git 329
2024-07-11 10:51:42.506 [warning] [Decorations] CAPPING events from decorations provider vscode.git 329
2024-07-11 10:51:47.570 [warning] [Decorations] CAPPING events from decorations provider vscode.git 329
2024-07-11 10:51:52.616 [warning] [Decorations] CAPPING events from decorations provider vscode.git 329
2024-07-11 10:51:57.657 [warning] [Decorations] CAPPING events from decorations provider vscode.git 329
2024-07-11 10:52:02.698 [warning] [Decorations] CAPPING events from decorations provider vscode.git 329
2024-07-11 10:52:07.740 [warning] [Decorations] CAPPING events from decorations provider vscode.git 329
2024-07-11 10:52:12.783 [warning] [Decorations] CAPPING events from decorations provider vscode.git 329
2024-07-11 10:52:17.826 [warning] [Decorations] CAPPING events from decorations provider vscode.git 329
2024-07-11 10:52:22.869 [warning] [Decorations] CAPPING events from decorations provider vscode.git 329
2024-07-11 10:52:27.913 [warning] [Decorations] CAPPING events from decorations provider vscode.git 329
2024-07-11 10:52:32.955 [warning] [Decorations] CAPPING events from decorations provider vscode.git 329
2024-07-11 10:52:38.002 [warning] [Decorations] CAPPING events from decorations provider vscode.git 329
2024-07-11 10:52:43.050 [warning] [Decorations] CAPPING events from decorations provider vscode.git 329
2024-07-11 10:52:48.091 [warning] [Decorations] CAPPING events from decorations provider vscode.git 329
2024-07-11 10:52:53.135 [warning] [Decorations] CAPPING events from decorations provider vscode.git 329
2024-07-11 10:52:58.177 [warning] [Decorations] CAPPING events from decorations provider vscode.git 329
2024-07-11 10:53:03.224 [warning] [Decorations] CAPPING events from decorations provider vscode.git 329
2024-07-11 10:53:08.265 [warning] [Decorations] CAPPING events from decorations provider vscode.git 329
2024-07-11 10:53:13.308 [warning] [Decorations] CAPPING events from decorations provider vscode.git 329
2024-07-11 10:53:18.348 [warning] [Decorations] CAPPING events from decorations provider vscode.git 329
2024-07-11 10:53:23.389 [warning] [Decorations] CAPPING events from decorations provider vscode.git 329
2024-07-11 10:53:28.435 [warning] [Decorations] CAPPING events from decorations provider vscode.git 329
2024-07-11 10:53:33.477 [warning] [Decorations] CAPPING events from decorations provider vscode.git 329
2024-07-11 10:53:38.518 [warning] [Decorations] CAPPING events from decorations provider vscode.git 329
2024-07-11 10:53:43.559 [warning] [Decorations] CAPPING events from decorations provider vscode.git 329
2024-07-11 10:53:48.603 [warning] [Decorations] CAPPING events from decorations provider vscode.git 329
2024-07-11 10:53:53.647 [warning] [Decorations] CAPPING events from decorations provider vscode.git 329
2024-07-11 10:53:58.690 [warning] [Decorations] CAPPING events from decorations provider vscode.git 329
2024-07-11 10:54:03.734 [warning] [Decorations] CAPPING events from decorations provider vscode.git 329
2024-07-11 10:54:08.777 [warning] [Decorations] CAPPING events from decorations provider vscode.git 329
2024-07-11 10:54:13.820 [warning] [Decorations] CAPPING events from decorations provider vscode.git 329
2024-07-11 10:54:18.863 [warning] [Decorations] CAPPING events from decorations provider vscode.git 329
2024-07-11 10:54:23.905 [warning] [Decorations] CAPPING events from decorations provider vscode.git 329
2024-07-11 10:54:28.947 [warning] [Decorations] CAPPING events from decorations provider vscode.git 329
2024-07-11 10:54:33.989 [warning] [Decorations] CAPPING events from decorations provider vscode.git 329
2024-07-11 10:54:39.032 [warning] [Decorations] CAPPING events from decorations provider vscode.git 329
2024-07-11 10:54:44.075 [warning] [Decorations] CAPPING events from decorations provider vscode.git 329
2024-07-11 10:54:49.117 [warning] [Decorations] CAPPING events from decorations provider vscode.git 329
2024-07-11 10:54:54.158 [warning] [Decorations] CAPPING events from decorations provider vscode.git 329
2024-07-11 10:54:59.223 [warning] [Decorations] CAPPING events from decorations provider vscode.git 336
2024-07-11 10:55:04.292 [warning] [Decorations] CAPPING events from decorations provider vscode.git 336
2024-07-11 10:55:09.378 [warning] [Decorations] CAPPING events from decorations provider vscode.git 336
2024-07-11 10:55:14.433 [warning] [Decorations] CAPPING events from decorations provider vscode.git 336
2024-07-11 10:55:19.494 [warning] [Decorations] CAPPING events from decorations provider vscode.git 336
2024-07-11 10:55:24.552 [warning] [Decorations] CAPPING events from decorations provider vscode.git 336
2024-07-11 10:55:29.602 [warning] [Decorations] CAPPING events from decorations provider vscode.git 336
2024-07-11 10:55:34.688 [warning] [Decorations] CAPPING events from decorations provider vscode.git 336
2024-07-11 10:55:39.752 [warning] [Decorations] CAPPING events from decorations provider vscode.git 336
2024-07-11 10:55:44.795 [warning] [Decorations] CAPPING events from decorations provider vscode.git 336
2024-07-11 10:55:49.849 [warning] [Decorations] CAPPING events from decorations provider vscode.git 336
2024-07-11 10:55:55.366 [warning] [Decorations] CAPPING events from decorations provider vscode.git 336
2024-07-11 10:56:00.435 [warning] [Decorations] CAPPING events from decorations provider vscode.git 336
2024-07-11 10:56:05.522 [warning] [Decorations] CAPPING events from decorations provider vscode.git 336
2024-07-11 10:56:10.564 [warning] [Decorations] CAPPING events from decorations provider vscode.git 336
2024-07-11 10:56:15.610 [warning] [Decorations] CAPPING events from decorations provider vscode.git 336
2024-07-11 10:56:20.653 [warning] [Decorations] CAPPING events from decorations provider vscode.git 336
2024-07-11 10:56:25.696 [warning] [Decorations] CAPPING events from decorations provider vscode.git 336
2024-07-11 10:56:54.718 [warning] [Decorations] CAPPING events from decorations provider vscode.git 336
2024-07-11 10:57:06.379 [warning] [Decorations] CAPPING events from decorations provider vscode.git 336
2024-07-11 10:57:11.424 [warning] [Decorations] CAPPING events from decorations provider vscode.git 336
2024-07-11 10:57:16.475 [warning] [Decorations] CAPPING events from decorations provider vscode.git 336
2024-07-11 10:57:21.520 [warning] [Decorations] CAPPING events from decorations provider vscode.git 336
2024-07-11 10:57:26.564 [warning] [Decorations] CAPPING events from decorations provider vscode.git 336
2024-07-11 10:57:38.548 [warning] [Decorations] CAPPING events from decorations provider vscode.git 336
2024-07-11 10:57:43.970 [warning] [Decorations] CAPPING events from decorations provider vscode.git 336
2024-07-11 10:57:49.013 [warning] [Decorations] CAPPING events from decorations provider vscode.git 336
2024-07-11 10:57:54.056 [warning] [Decorations] CAPPING events from decorations provider vscode.git 336
2024-07-11 10:57:59.098 [warning] [Decorations] CAPPING events from decorations provider vscode.git 336
2024-07-11 10:58:04.145 [warning] [Decorations] CAPPING events from decorations provider vscode.git 336
2024-07-11 10:58:09.189 [warning] [Decorations] CAPPING events from decorations provider vscode.git 336
2024-07-11 10:58:14.230 [warning] [Decorations] CAPPING events from decorations provider vscode.git 336
2024-07-11 10:58:19.301 [warning] [Decorations] CAPPING events from decorations provider vscode.git 336
2024-07-11 10:58:35.268 [warning] [Decorations] CAPPING events from decorations provider vscode.git 336
2024-07-11 10:58:59.328 [warning] [Decorations] CAPPING events from decorations provider vscode.git 336
2024-07-11 10:59:14.332 [warning] [Decorations] CAPPING events from decorations provider vscode.git 336
2024-07-11 10:59:19.375 [warning] [Decorations] CAPPING events from decorations provider vscode.git 336
2024-07-11 10:59:24.420 [warning] [Decorations] CAPPING events from decorations provider vscode.git 336
2024-07-11 11:00:41.492 [warning] [Decorations] CAPPING events from decorations provider vscode.git 336
2024-07-11 11:00:46.540 [warning] [Decorations] CAPPING events from decorations provider vscode.git 336
2024-07-11 11:00:51.583 [warning] [Decorations] CAPPING events from decorations provider vscode.git 336
2024-07-11 11:00:56.624 [warning] [Decorations] CAPPING events from decorations provider vscode.git 336
2024-07-11 11:01:01.666 [warning] [Decorations] CAPPING events from decorations provider vscode.git 336
2024-07-11 11:01:06.709 [warning] [Decorations] CAPPING events from decorations provider vscode.git 336
2024-07-11 11:01:11.751 [warning] [Decorations] CAPPING events from decorations provider vscode.git 336
2024-07-11 11:01:16.796 [warning] [Decorations] CAPPING events from decorations provider vscode.git 336
2024-07-11 11:01:21.838 [warning] [Decorations] CAPPING events from decorations provider vscode.git 336
2024-07-11 11:01:26.882 [warning] [Decorations] CAPPING events from decorations provider vscode.git 336
2024-07-11 11:01:31.925 [warning] [Decorations] CAPPING events from decorations provider vscode.git 336
2024-07-11 11:01:36.967 [warning] [Decorations] CAPPING events from decorations provider vscode.git 336
2024-07-11 11:01:42.008 [warning] [Decorations] CAPPING events from decorations provider vscode.git 336
2024-07-11 11:01:47.050 [warning] [Decorations] CAPPING events from decorations provider vscode.git 336
2024-07-11 11:01:52.091 [warning] [Decorations] CAPPING events from decorations provider vscode.git 337
2024-07-11 11:02:08.193 [warning] [Decorations] CAPPING events from decorations provider vscode.git 337
2024-07-11 11:02:13.243 [warning] [Decorations] CAPPING events from decorations provider vscode.git 337
2024-07-11 11:02:33.582 [warning] [Decorations] CAPPING events from decorations provider vscode.git 337
2024-07-11 11:02:38.828 [warning] [Decorations] CAPPING events from decorations provider vscode.git 337
2024-07-11 11:02:43.870 [warning] [Decorations] CAPPING events from decorations provider vscode.git 337
2024-07-11 11:02:48.913 [warning] [Decorations] CAPPING events from decorations provider vscode.git 337
2024-07-11 11:02:53.958 [warning] [Decorations] CAPPING events from decorations provider vscode.git 337
2024-07-11 11:02:59.001 [warning] [Decorations] CAPPING events from decorations provider vscode.git 337
2024-07-11 11:03:06.162 [warning] [Decorations] CAPPING events from decorations provider vscode.git 337
2024-07-11 11:03:11.204 [warning] [Decorations] CAPPING events from decorations provider vscode.git 338
2024-07-11 11:03:16.253 [warning] [Decorations] CAPPING events from decorations provider vscode.git 338
2024-07-11 11:03:21.299 [warning] [Decorations] CAPPING events from decorations provider vscode.git 339
2024-07-11 11:03:40.874 [warning] [Decorations] CAPPING events from decorations provider vscode.git 339
2024-07-11 11:03:45.918 [warning] [Decorations] CAPPING events from decorations provider vscode.git 339
2024-07-11 11:03:50.960 [warning] [Decorations] CAPPING events from decorations provider vscode.git 340
2024-07-11 11:03:56.002 [warning] [Decorations] CAPPING events from decorations provider vscode.git 340
2024-07-11 11:04:01.051 [warning] [Decorations] CAPPING events from decorations provider vscode.git 340
2024-07-11 11:04:06.095 [warning] [Decorations] CAPPING events from decorations provider vscode.git 340
2024-07-11 11:04:11.138 [warning] [Decorations] CAPPING events from decorations provider vscode.git 340
2024-07-11 11:04:16.181 [warning] [Decorations] CAPPING events from decorations provider vscode.git 341
2024-07-11 11:04:21.237 [warning] [Decorations] CAPPING events from decorations provider vscode.git 341
2024-07-11 11:04:26.289 [warning] [Decorations] CAPPING events from decorations provider vscode.git 341
2024-07-11 11:04:31.335 [warning] [Decorations] CAPPING events from decorations provider vscode.git 341
2024-07-11 11:04:45.729 [warning] [Decorations] CAPPING events from decorations provider vscode.git 341
2024-07-11 11:04:50.779 [warning] [Decorations] CAPPING events from decorations provider vscode.git 341
2024-07-11 11:05:11.175 [warning] [Decorations] CAPPING events from decorations provider vscode.git 341
2024-07-11 11:05:16.219 [warning] [Decorations] CAPPING events from decorations provider vscode.git 341
2024-07-11 11:05:21.271 [warning] [Decorations] CAPPING events from decorations provider vscode.git 341
2024-07-11 11:05:26.320 [warning] [Decorations] CAPPING events from decorations provider vscode.git 341
2024-07-11 11:05:31.363 [warning] [Decorations] CAPPING events from decorations provider vscode.git 341
2024-07-11 11:05:36.704 [warning] [Decorations] CAPPING events from decorations provider vscode.git 348
2024-07-11 11:05:41.960 [warning] [Decorations] CAPPING events from decorations provider vscode.git 348
2024-07-11 11:05:47.023 [warning] [Decorations] CAPPING events from decorations provider vscode.git 348
2024-07-11 11:05:52.085 [warning] [Decorations] CAPPING events from decorations provider vscode.git 348
2024-07-11 11:05:57.147 [warning] [Decorations] CAPPING events from decorations provider vscode.git 348
2024-07-11 11:06:10.943 [warning] [Decorations] CAPPING events from decorations provider vscode.git 348
2024-07-11 11:06:16.000 [warning] [Decorations] CAPPING events from decorations provider vscode.git 348
2024-07-11 11:06:21.048 [warning] [Decorations] CAPPING events from decorations provider vscode.git 348
2024-07-11 11:06:26.143 [warning] [Decorations] CAPPING events from decorations provider vscode.git 348
2024-07-11 11:06:39.810 [warning] [Decorations] CAPPING events from decorations provider vscode.git 348
2024-07-11 11:07:37.267 [warning] [Decorations] CAPPING events from decorations provider vscode.git 348
2024-07-11 11:07:42.310 [warning] [Decorations] CAPPING events from decorations provider vscode.git 348
2024-07-11 11:07:47.351 [warning] [Decorations] CAPPING events from decorations provider vscode.git 348
2024-07-11 11:07:52.400 [warning] [Decorations] CAPPING events from decorations provider vscode.git 348
2024-07-11 11:07:57.458 [warning] [Decorations] CAPPING events from decorations provider vscode.git 348
2024-07-11 11:08:02.504 [warning] [Decorations] CAPPING events from decorations provider vscode.git 348
2024-07-11 11:08:07.547 [warning] [Decorations] CAPPING events from decorations provider vscode.git 348
2024-07-11 11:08:12.589 [warning] [Decorations] CAPPING events from decorations provider vscode.git 348
2024-07-11 11:08:17.631 [warning] [Decorations] CAPPING events from decorations provider vscode.git 348
2024-07-11 11:08:22.673 [warning] [Decorations] CAPPING events from decorations provider vscode.git 348
2024-07-11 11:08:27.715 [warning] [Decorations] CAPPING events from decorations provider vscode.git 348
2024-07-11 11:08:32.758 [warning] [Decorations] CAPPING events from decorations provider vscode.git 348
2024-07-11 11:08:37.801 [warning] [Decorations] CAPPING events from decorations provider vscode.git 348
2024-07-11 11:08:42.843 [warning] [Decorations] CAPPING events from decorations provider vscode.git 348
2024-07-11 11:08:47.886 [warning] [Decorations] CAPPING events from decorations provider vscode.git 348
2024-07-11 11:08:52.931 [warning] [Decorations] CAPPING events from decorations provider vscode.git 348
2024-07-11 11:08:57.975 [warning] [Decorations] CAPPING events from decorations provider vscode.git 348
2024-07-11 11:09:14.087 [warning] [Decorations] CAPPING events from decorations provider vscode.git 348
2024-07-11 11:09:19.134 [warning] [Decorations] CAPPING events from decorations provider vscode.git 348
2024-07-11 11:09:24.176 [warning] [Decorations] CAPPING events from decorations provider vscode.git 348
2024-07-11 11:09:29.220 [warning] [Decorations] CAPPING events from decorations provider vscode.git 348
2024-07-11 11:09:34.273 [warning] [Decorations] CAPPING events from decorations provider vscode.git 348
2024-07-11 11:09:39.317 [warning] [Decorations] CAPPING events from decorations provider vscode.git 348
2024-07-11 11:09:44.358 [warning] [Decorations] CAPPING events from decorations provider vscode.git 348
2024-07-11 11:09:49.404 [warning] [Decorations] CAPPING events from decorations provider vscode.git 348
2024-07-11 11:09:54.450 [warning] [Decorations] CAPPING events from decorations provider vscode.git 348
2024-07-11 11:11:06.936 [warning] [Decorations] CAPPING events from decorations provider vscode.git 348
2024-07-11 11:11:11.979 [warning] [Decorations] CAPPING events from decorations provider vscode.git 348
2024-07-11 11:11:17.022 [warning] [Decorations] CAPPING events from decorations provider vscode.git 348
2024-07-11 11:11:22.062 [warning] [Decorations] CAPPING events from decorations provider vscode.git 348
2024-07-11 11:11:27.104 [warning] [Decorations] CAPPING events from decorations provider vscode.git 348
2024-07-11 11:11:32.150 [warning] [Decorations] CAPPING events from decorations provider vscode.git 348
2024-07-11 11:11:37.192 [warning] [Decorations] CAPPING events from decorations provider vscode.git 348
2024-07-11 11:11:42.236 [warning] [Decorations] CAPPING events from decorations provider vscode.git 348
2024-07-11 11:11:47.279 [warning] [Decorations] CAPPING events from decorations provider vscode.git 348
2024-07-11 11:11:52.323 [warning] [Decorations] CAPPING events from decorations provider vscode.git 348
2024-07-11 11:11:57.366 [warning] [Decorations] CAPPING events from decorations provider vscode.git 348
2024-07-11 11:12:02.410 [warning] [Decorations] CAPPING events from decorations provider vscode.git 348
2024-07-11 11:12:07.454 [warning] [Decorations] CAPPING events from decorations provider vscode.git 348
2024-07-11 11:12:12.499 [warning] [Decorations] CAPPING events from decorations provider vscode.git 348
2024-07-11 11:12:17.544 [warning] [Decorations] CAPPING events from decorations provider vscode.git 348
2024-07-11 11:12:22.585 [warning] [Decorations] CAPPING events from decorations provider vscode.git 348
2024-07-11 11:12:27.629 [warning] [Decorations] CAPPING events from decorations provider vscode.git 348
2024-07-11 11:12:32.670 [warning] [Decorations] CAPPING events from decorations provider vscode.git 348
2024-07-11 11:12:37.715 [warning] [Decorations] CAPPING events from decorations provider vscode.git 348
2024-07-11 11:12:42.758 [warning] [Decorations] CAPPING events from decorations provider vscode.git 348
2024-07-11 11:12:47.802 [warning] [Decorations] CAPPING events from decorations provider vscode.git 348
2024-07-11 11:12:52.845 [warning] [Decorations] CAPPING events from decorations provider vscode.git 348
2024-07-11 11:12:57.891 [warning] [Decorations] CAPPING events from decorations provider vscode.git 348
2024-07-11 11:13:02.941 [warning] [Decorations] CAPPING events from decorations provider vscode.git 348
2024-07-11 11:13:07.987 [warning] [Decorations] CAPPING events from decorations provider vscode.git 348
2024-07-11 11:13:13.031 [warning] [Decorations] CAPPING events from decorations provider vscode.git 348
2024-07-11 11:13:18.075 [warning] [Decorations] CAPPING events from decorations provider vscode.git 348
2024-07-11 11:13:23.123 [warning] [Decorations] CAPPING events from decorations provider vscode.git 348
2024-07-11 11:13:28.168 [warning] [Decorations] CAPPING events from decorations provider vscode.git 348
2024-07-11 11:13:33.215 [warning] [Decorations] CAPPING events from decorations provider vscode.git 348
2024-07-11 11:13:38.271 [warning] [Decorations] CAPPING events from decorations provider vscode.git 348
2024-07-11 11:13:43.316 [warning] [Decorations] CAPPING events from decorations provider vscode.git 348
2024-07-11 11:13:48.362 [warning] [Decorations] CAPPING events from decorations provider vscode.git 348
2024-07-11 11:13:53.412 [warning] [Decorations] CAPPING events from decorations provider vscode.git 348
2024-07-11 11:13:58.456 [warning] [Decorations] CAPPING events from decorations provider vscode.git 348
2024-07-11 11:14:03.506 [warning] [Decorations] CAPPING events from decorations provider vscode.git 348
2024-07-11 11:14:08.555 [warning] [Decorations] CAPPING events from decorations provider vscode.git 348
2024-07-11 11:14:13.598 [warning] [Decorations] CAPPING events from decorations provider vscode.git 348
2024-07-11 11:14:18.646 [warning] [Decorations] CAPPING events from decorations provider vscode.git 348
2024-07-11 11:14:23.692 [warning] [Decorations] CAPPING events from decorations provider vscode.git 348
2024-07-11 11:14:28.736 [warning] [Decorations] CAPPING events from decorations provider vscode.git 348
2024-07-11 11:14:33.779 [warning] [Decorations] CAPPING events from decorations provider vscode.git 348
2024-07-11 11:14:38.823 [warning] [Decorations] CAPPING events from decorations provider vscode.git 348
2024-07-11 11:14:43.867 [warning] [Decorations] CAPPING events from decorations provider vscode.git 348
2024-07-11 11:14:48.920 [warning] [Decorations] CAPPING events from decorations provider vscode.git 348
2024-07-11 11:14:53.964 [warning] [Decorations] CAPPING events from decorations provider vscode.git 348
2024-07-11 11:14:59.009 [warning] [Decorations] CAPPING events from decorations provider vscode.git 348
2024-07-11 11:15:04.055 [warning] [Decorations] CAPPING events from decorations provider vscode.git 348
2024-07-11 11:15:09.101 [warning] [Decorations] CAPPING events from decorations provider vscode.git 348
2024-07-11 11:15:14.144 [warning] [Decorations] CAPPING events from decorations provider vscode.git 348
2024-07-11 11:15:19.188 [warning] [Decorations] CAPPING events from decorations provider vscode.git 348
2024-07-11 11:15:24.232 [warning] [Decorations] CAPPING events from decorations provider vscode.git 348
2024-07-11 11:15:29.279 [warning] [Decorations] CAPPING events from decorations provider vscode.git 348
2024-07-11 11:15:34.328 [warning] [Decorations] CAPPING events from decorations provider vscode.git 348
2024-07-11 11:15:39.419 [warning] [Decorations] CAPPING events from decorations provider vscode.git 348
2024-07-11 11:15:44.462 [warning] [Decorations] CAPPING events from decorations provider vscode.git 348
2024-07-11 11:15:49.505 [warning] [Decorations] CAPPING events from decorations provider vscode.git 348
2024-07-11 11:15:54.547 [warning] [Decorations] CAPPING events from decorations provider vscode.git 348
2024-07-11 11:15:59.593 [warning] [Decorations] CAPPING events from decorations provider vscode.git 348
2024-07-11 11:16:04.637 [warning] [Decorations] CAPPING events from decorations provider vscode.git 348
2024-07-11 11:16:09.682 [warning] [Decorations] CAPPING events from decorations provider vscode.git 348
2024-07-11 11:16:15.036 [warning] [Decorations] CAPPING events from decorations provider vscode.git 349
2024-07-11 11:16:20.080 [warning] [Decorations] CAPPING events from decorations provider vscode.git 350
2024-07-11 11:16:25.123 [warning] [Decorations] CAPPING events from decorations provider vscode.git 350
2024-07-11 11:16:30.166 [warning] [Decorations] CAPPING events from decorations provider vscode.git 350
2024-07-11 11:16:35.222 [warning] [Decorations] CAPPING events from decorations provider vscode.git 350
2024-07-11 11:16:40.266 [warning] [Decorations] CAPPING events from decorations provider vscode.git 350
2024-07-11 11:17:05.688 [warning] [Decorations] CAPPING events from decorations provider vscode.git 350
2024-07-11 11:17:41.865 [warning] [Decorations] CAPPING events from decorations provider vscode.git 350
2024-07-11 11:17:46.917 [warning] [Decorations] CAPPING events from decorations provider vscode.git 351
2024-07-11 11:17:51.962 [warning] [Decorations] CAPPING events from decorations provider vscode.git 352
2024-07-11 11:17:57.005 [warning] [Decorations] CAPPING events from decorations provider vscode.git 352
2024-07-11 11:18:50.426 [warning] [Decorations] CAPPING events from decorations provider vscode.git 352
2024-07-11 11:19:35.473 [warning] [Decorations] CAPPING events from decorations provider vscode.git 352
2024-07-11 11:19:40.518 [warning] [Decorations] CAPPING events from decorations provider vscode.git 352
2024-07-11 11:19:45.563 [warning] [Decorations] CAPPING events from decorations provider vscode.git 352
2024-07-11 11:19:50.606 [warning] [Decorations] CAPPING events from decorations provider vscode.git 352
2024-07-11 11:19:55.662 [warning] [Decorations] CAPPING events from decorations provider vscode.git 352
2024-07-11 11:20:00.702 [warning] [Decorations] CAPPING events from decorations provider vscode.git 352
2024-07-11 11:20:05.744 [warning] [Decorations] CAPPING events from decorations provider vscode.git 352
2024-07-11 11:20:10.787 [warning] [Decorations] CAPPING events from decorations provider vscode.git 352
2024-07-11 11:20:15.827 [warning] [Decorations] CAPPING events from decorations provider vscode.git 352
2024-07-11 11:20:20.872 [warning] [Decorations] CAPPING events from decorations provider vscode.git 354
2024-07-11 11:20:25.916 [warning] [Decorations] CAPPING events from decorations provider vscode.git 354
2024-07-11 11:20:30.963 [warning] [Decorations] CAPPING events from decorations provider vscode.git 354
2024-07-11 11:20:36.008 [warning] [Decorations] CAPPING events from decorations provider vscode.git 354
2024-07-11 11:20:41.053 [warning] [Decorations] CAPPING events from decorations provider vscode.git 354
2024-07-11 11:20:46.095 [warning] [Decorations] CAPPING events from decorations provider vscode.git 354
2024-07-11 11:20:51.141 [warning] [Decorations] CAPPING events from decorations provider vscode.git 354
2024-07-11 11:20:56.183 [warning] [Decorations] CAPPING events from decorations provider vscode.git 354
2024-07-11 11:21:01.225 [warning] [Decorations] CAPPING events from decorations provider vscode.git 355
2024-07-11 11:21:06.268 [warning] [Decorations] CAPPING events from decorations provider vscode.git 355
2024-07-11 11:21:11.317 [warning] [Decorations] CAPPING events from decorations provider vscode.git 355
2024-07-11 11:21:16.367 [warning] [Decorations] CAPPING events from decorations provider vscode.git 355
2024-07-11 11:21:46.157 [warning] [Decorations] CAPPING events from decorations provider vscode.git 355
2024-07-11 11:21:51.205 [warning] [Decorations] CAPPING events from decorations provider vscode.git 355
2024-07-11 11:21:56.251 [warning] [Decorations] CAPPING events from decorations provider vscode.git 355
2024-07-11 11:22:01.301 [warning] [Decorations] CAPPING events from decorations provider vscode.git 355
2024-07-11 11:22:06.349 [warning] [Decorations] CAPPING events from decorations provider vscode.git 355
2024-07-11 11:22:11.399 [warning] [Decorations] CAPPING events from decorations provider vscode.git 355
2024-07-11 11:22:16.443 [warning] [Decorations] CAPPING events from decorations provider vscode.git 355
2024-07-11 11:22:24.190 [warning] [Decorations] CAPPING events from decorations provider vscode.git 362
2024-07-11 11:22:29.259 [warning] [Decorations] CAPPING events from decorations provider vscode.git 362
2024-07-11 11:23:09.547 [warning] [Decorations] CAPPING events from decorations provider vscode.git 362
2024-07-11 11:23:14.595 [warning] [Decorations] CAPPING events from decorations provider vscode.git 362
2024-07-11 11:23:19.656 [warning] [Decorations] CAPPING events from decorations provider vscode.git 362
2024-07-11 11:23:24.755 [warning] [Decorations] CAPPING events from decorations provider vscode.git 362
2024-07-11 11:23:29.837 [warning] [Decorations] CAPPING events from decorations provider vscode.git 362
2024-07-11 11:23:34.888 [warning] [Decorations] CAPPING events from decorations provider vscode.git 362
2024-07-11 11:23:39.930 [warning] [Decorations] CAPPING events from decorations provider vscode.git 362
2024-07-11 11:23:44.977 [warning] [Decorations] CAPPING events from decorations provider vscode.git 362
2024-07-11 11:23:50.020 [warning] [Decorations] CAPPING events from decorations provider vscode.git 362
2024-07-11 11:23:55.063 [warning] [Decorations] CAPPING events from decorations provider vscode.git 362
2024-07-11 11:23:58.900 [error] Error: read ECONNRESET
	at TLSWrap.onStreamRead (node:internal/stream_base_commons:217:20)
2024-07-11 11:24:00.298 [warning] [Decorations] CAPPING events from decorations provider vscode.git 362
2024-07-11 11:24:05.341 [warning] [Decorations] CAPPING events from decorations provider vscode.git 362
2024-07-11 11:24:10.383 [warning] [Decorations] CAPPING events from decorations provider vscode.git 362
2024-07-11 11:24:15.428 [warning] [Decorations] CAPPING events from decorations provider vscode.git 362
2024-07-11 11:25:25.140 [warning] [Decorations] CAPPING events from decorations provider vscode.git 362
2024-07-11 11:25:30.183 [warning] [Decorations] CAPPING events from decorations provider vscode.git 362
2024-07-11 11:25:35.225 [warning] [Decorations] CAPPING events from decorations provider vscode.git 362
2024-07-11 11:25:40.269 [warning] [Decorations] CAPPING events from decorations provider vscode.git 362
2024-07-11 11:25:45.314 [warning] [Decorations] CAPPING events from decorations provider vscode.git 362
2024-07-11 11:25:50.392 [warning] [Decorations] CAPPING events from decorations provider vscode.git 362
2024-07-11 11:25:55.444 [warning] [Decorations] CAPPING events from decorations provider vscode.git 362
2024-07-11 11:26:00.489 [warning] [Decorations] CAPPING events from decorations provider vscode.git 362
2024-07-11 11:26:05.531 [warning] [Decorations] CAPPING events from decorations provider vscode.git 362
2024-07-11 11:26:10.573 [warning] [Decorations] CAPPING events from decorations provider vscode.git 362
2024-07-11 11:26:15.615 [warning] [Decorations] CAPPING events from decorations provider vscode.git 362
2024-07-11 11:26:20.658 [warning] [Decorations] CAPPING events from decorations provider vscode.git 362
2024-07-11 11:26:25.700 [warning] [Decorations] CAPPING events from decorations provider vscode.git 362
2024-07-11 11:26:30.744 [warning] [Decorations] CAPPING events from decorations provider vscode.git 362
2024-07-11 11:26:50.575 [warning] [Decorations] CAPPING events from decorations provider vscode.git 362
2024-07-11 11:26:55.618 [warning] [Decorations] CAPPING events from decorations provider vscode.git 362
2024-07-11 11:27:00.661 [warning] [Decorations] CAPPING events from decorations provider vscode.git 362
2024-07-11 11:27:05.706 [warning] [Decorations] CAPPING events from decorations provider vscode.git 362
2024-07-11 11:27:10.747 [warning] [Decorations] CAPPING events from decorations provider vscode.git 362
2024-07-11 11:27:15.791 [warning] [Decorations] CAPPING events from decorations provider vscode.git 362
2024-07-11 11:27:20.834 [warning] [Decorations] CAPPING events from decorations provider vscode.git 362
2024-07-11 11:27:25.879 [warning] [Decorations] CAPPING events from decorations provider vscode.git 362
2024-07-11 11:27:30.922 [warning] [Decorations] CAPPING events from decorations provider vscode.git 362
2024-07-11 11:27:35.964 [warning] [Decorations] CAPPING events from decorations provider vscode.git 362
2024-07-11 11:27:41.009 [warning] [Decorations] CAPPING events from decorations provider vscode.git 362
2024-07-11 11:27:46.052 [warning] [Decorations] CAPPING events from decorations provider vscode.git 362
2024-07-11 11:27:51.096 [warning] [Decorations] CAPPING events from decorations provider vscode.git 362
2024-07-11 11:27:56.140 [warning] [Decorations] CAPPING events from decorations provider vscode.git 362
2024-07-11 11:28:01.189 [warning] [Decorations] CAPPING events from decorations provider vscode.git 362
2024-07-11 11:28:06.233 [warning] [Decorations] CAPPING events from decorations provider vscode.git 362
2024-07-11 11:28:11.277 [warning] [Decorations] CAPPING events from decorations provider vscode.git 362
2024-07-11 11:28:16.323 [warning] [Decorations] CAPPING events from decorations provider vscode.git 362
2024-07-11 11:28:21.365 [warning] [Decorations] CAPPING events from decorations provider vscode.git 362
2024-07-11 11:28:26.408 [warning] [Decorations] CAPPING events from decorations provider vscode.git 362
2024-07-11 11:28:31.454 [warning] [Decorations] CAPPING events from decorations provider vscode.git 362
2024-07-11 11:28:36.497 [warning] [Decorations] CAPPING events from decorations provider vscode.git 362
2024-07-11 11:28:41.543 [warning] [Decorations] CAPPING events from decorations provider vscode.git 362
2024-07-11 11:28:46.587 [warning] [Decorations] CAPPING events from decorations provider vscode.git 362
2024-07-11 11:28:51.629 [warning] [Decorations] CAPPING events from decorations provider vscode.git 362
2024-07-11 11:28:56.674 [warning] [Decorations] CAPPING events from decorations provider vscode.git 362
2024-07-11 11:29:01.721 [warning] [Decorations] CAPPING events from decorations provider vscode.git 362
2024-07-11 11:29:06.764 [warning] [Decorations] CAPPING events from decorations provider vscode.git 362
2024-07-11 11:29:11.806 [warning] [Decorations] CAPPING events from decorations provider vscode.git 362
2024-07-11 11:29:16.849 [warning] [Decorations] CAPPING events from decorations provider vscode.git 362
2024-07-11 11:29:21.894 [warning] [Decorations] CAPPING events from decorations provider vscode.git 362
2024-07-11 11:29:26.936 [warning] [Decorations] CAPPING events from decorations provider vscode.git 362
2024-07-11 11:29:31.983 [warning] [Decorations] CAPPING events from decorations provider vscode.git 362
2024-07-11 11:29:37.027 [warning] [Decorations] CAPPING events from decorations provider vscode.git 362
2024-07-11 11:29:42.072 [warning] [Decorations] CAPPING events from decorations provider vscode.git 362
2024-07-11 11:29:47.118 [warning] [Decorations] CAPPING events from decorations provider vscode.git 362
2024-07-11 11:29:52.162 [warning] [Decorations] CAPPING events from decorations provider vscode.git 362
2024-07-11 11:29:57.204 [warning] [Decorations] CAPPING events from decorations provider vscode.git 362
2024-07-11 11:30:02.261 [warning] [Decorations] CAPPING events from decorations provider vscode.git 362
2024-07-11 11:30:07.305 [warning] [Decorations] CAPPING events from decorations provider vscode.git 362
2024-07-11 11:30:12.347 [warning] [Decorations] CAPPING events from decorations provider vscode.git 362
2024-07-11 11:30:17.391 [warning] [Decorations] CAPPING events from decorations provider vscode.git 362
2024-07-11 11:30:22.435 [warning] [Decorations] CAPPING events from decorations provider vscode.git 362
2024-07-11 11:30:27.481 [warning] [Decorations] CAPPING events from decorations provider vscode.git 362
2024-07-11 11:30:32.525 [warning] [Decorations] CAPPING events from decorations provider vscode.git 362
2024-07-11 11:30:39.258 [warning] [Decorations] CAPPING events from decorations provider vscode.git 362
2024-07-11 11:31:07.688 [warning] [Decorations] CAPPING events from decorations provider vscode.git 362
2024-07-11 11:31:12.742 [warning] [Decorations] CAPPING events from decorations provider vscode.git 362
2024-07-11 11:31:19.178 [warning] [Decorations] CAPPING events from decorations provider vscode.git 362
2024-07-11 11:31:24.225 [warning] [Decorations] CAPPING events from decorations provider vscode.git 362
2024-07-11 11:31:29.270 [warning] [Decorations] CAPPING events from decorations provider vscode.git 362
2024-07-11 11:31:34.317 [warning] [Decorations] CAPPING events from decorations provider vscode.git 362
2024-07-11 11:31:52.836 [warning] [Decorations] CAPPING events from decorations provider vscode.git 362
2024-07-11 11:31:57.930 [warning] [Decorations] CAPPING events from decorations provider vscode.git 362
2024-07-11 11:32:02.973 [warning] [Decorations] CAPPING events from decorations provider vscode.git 362
2024-07-11 11:32:08.020 [warning] [Decorations] CAPPING events from decorations provider vscode.git 362
2024-07-11 11:32:13.072 [warning] [Decorations] CAPPING events from decorations provider vscode.git 362
2024-07-11 11:32:18.116 [warning] [Decorations] CAPPING events from decorations provider vscode.git 362
2024-07-11 11:32:23.161 [warning] [Decorations] CAPPING events from decorations provider vscode.git 362
2024-07-11 11:32:28.205 [warning] [Decorations] CAPPING events from decorations provider vscode.git 362
2024-07-11 11:32:33.247 [warning] [Decorations] CAPPING events from decorations provider vscode.git 362
2024-07-11 11:32:38.290 [warning] [Decorations] CAPPING events from decorations provider vscode.git 362
2024-07-11 11:32:43.340 [warning] [Decorations] CAPPING events from decorations provider vscode.git 362
2024-07-11 11:32:48.392 [warning] [Decorations] CAPPING events from decorations provider vscode.git 362
2024-07-11 11:32:53.439 [warning] [Decorations] CAPPING events from decorations provider vscode.git 362
2024-07-11 11:32:58.488 [warning] [Decorations] CAPPING events from decorations provider vscode.git 362
2024-07-11 11:33:03.532 [warning] [Decorations] CAPPING events from decorations provider vscode.git 362
2024-07-11 11:33:08.579 [warning] [Decorations] CAPPING events from decorations provider vscode.git 362
2024-07-11 11:33:13.625 [warning] [Decorations] CAPPING events from decorations provider vscode.git 362
2024-07-11 11:33:18.669 [warning] [Decorations] CAPPING events from decorations provider vscode.git 362
2024-07-11 11:33:23.711 [warning] [Decorations] CAPPING events from decorations provider vscode.git 362
2024-07-11 11:33:28.755 [warning] [Decorations] CAPPING events from decorations provider vscode.git 362
2024-07-11 11:34:59.458 [warning] [Decorations] CAPPING events from decorations provider vscode.git 362
2024-07-11 11:35:09.810 [warning] [Decorations] CAPPING events from decorations provider vscode.git 362
2024-07-11 11:35:14.856 [warning] [Decorations] CAPPING events from decorations provider vscode.git 362
2024-07-11 11:35:19.902 [warning] [Decorations] CAPPING events from decorations provider vscode.git 362
2024-07-11 11:35:24.946 [warning] [Decorations] CAPPING events from decorations provider vscode.git 362
2024-07-11 11:35:29.992 [warning] [Decorations] CAPPING events from decorations provider vscode.git 362
2024-07-11 11:35:35.038 [warning] [Decorations] CAPPING events from decorations provider vscode.git 362
2024-07-11 11:35:40.083 [warning] [Decorations] CAPPING events from decorations provider vscode.git 362
2024-07-11 11:35:45.126 [warning] [Decorations] CAPPING events from decorations provider vscode.git 362
2024-07-11 11:35:50.171 [warning] [Decorations] CAPPING events from decorations provider vscode.git 362
2024-07-11 11:35:55.215 [warning] [Decorations] CAPPING events from decorations provider vscode.git 362
2024-07-11 11:36:00.270 [warning] [Decorations] CAPPING events from decorations provider vscode.git 362
2024-07-11 11:36:07.728 [warning] [Decorations] CAPPING events from decorations provider vscode.git 362
2024-07-11 11:36:14.434 [warning] [Decorations] CAPPING events from decorations provider vscode.git 362
2024-07-11 11:36:19.480 [warning] [Decorations] CAPPING events from decorations provider vscode.git 362
2024-07-11 11:36:24.528 [warning] [Decorations] CAPPING events from decorations provider vscode.git 362
2024-07-11 11:36:29.572 [warning] [Decorations] CAPPING events from decorations provider vscode.git 362
2024-07-11 11:36:34.619 [warning] [Decorations] CAPPING events from decorations provider vscode.git 362
2024-07-11 11:36:39.660 [warning] [Decorations] CAPPING events from decorations provider vscode.git 362
2024-07-11 11:36:44.704 [warning] [Decorations] CAPPING events from decorations provider vscode.git 362
2024-07-11 11:36:49.750 [warning] [Decorations] CAPPING events from decorations provider vscode.git 362
2024-07-11 11:36:54.794 [warning] [Decorations] CAPPING events from decorations provider vscode.git 362
2024-07-11 11:36:59.837 [warning] [Decorations] CAPPING events from decorations provider vscode.git 362
2024-07-11 11:37:04.881 [warning] [Decorations] CAPPING events from decorations provider vscode.git 362
2024-07-11 11:37:09.926 [warning] [Decorations] CAPPING events from decorations provider vscode.git 362
2024-07-11 11:37:14.969 [warning] [Decorations] CAPPING events from decorations provider vscode.git 362
2024-07-11 11:37:20.014 [warning] [Decorations] CAPPING events from decorations provider vscode.git 362
2024-07-11 11:37:35.293 [warning] [Decorations] CAPPING events from decorations provider vscode.git 362
2024-07-11 11:37:40.337 [warning] [Decorations] CAPPING events from decorations provider vscode.git 362
2024-07-11 11:37:58.352 [warning] [Decorations] CAPPING events from decorations provider vscode.git 362
2024-07-11 11:38:03.433 [warning] [Decorations] CAPPING events from decorations provider vscode.git 362
2024-07-11 11:38:08.480 [warning] [Decorations] CAPPING events from decorations provider vscode.git 362
2024-07-11 11:38:13.526 [warning] [Decorations] CAPPING events from decorations provider vscode.git 362
2024-07-11 11:38:18.572 [warning] [Decorations] CAPPING events from decorations provider vscode.git 362
2024-07-11 11:38:23.619 [warning] [Decorations] CAPPING events from decorations provider vscode.git 362
2024-07-11 11:38:28.663 [warning] [Decorations] CAPPING events from decorations provider vscode.git 362
2024-07-11 11:38:33.710 [warning] [Decorations] CAPPING events from decorations provider vscode.git 362
2024-07-11 11:38:38.751 [warning] [Decorations] CAPPING events from decorations provider vscode.git 362
2024-07-11 11:38:43.793 [warning] [Decorations] CAPPING events from decorations provider vscode.git 363
2024-07-11 11:38:48.843 [warning] [Decorations] CAPPING events from decorations provider vscode.git 363
2024-07-11 11:38:53.892 [warning] [Decorations] CAPPING events from decorations provider vscode.git 363
2024-07-11 11:38:58.937 [warning] [Decorations] CAPPING events from decorations provider vscode.git 363
2024-07-11 11:39:03.981 [warning] [Decorations] CAPPING events from decorations provider vscode.git 363
2024-07-11 11:39:09.030 [warning] [Decorations] CAPPING events from decorations provider vscode.git 363
2024-07-11 11:39:14.074 [warning] [Decorations] CAPPING events from decorations provider vscode.git 363
2024-07-11 11:39:19.117 [warning] [Decorations] CAPPING events from decorations provider vscode.git 363
2024-07-11 11:39:24.168 [warning] [Decorations] CAPPING events from decorations provider vscode.git 363
2024-07-11 11:39:29.214 [warning] [Decorations] CAPPING events from decorations provider vscode.git 363
2024-07-11 11:39:34.260 [warning] [Decorations] CAPPING events from decorations provider vscode.git 363
2024-07-11 11:39:39.304 [warning] [Decorations] CAPPING events from decorations provider vscode.git 363
2024-07-11 11:39:44.350 [warning] [Decorations] CAPPING events from decorations provider vscode.git 363
2024-07-11 11:39:49.397 [warning] [Decorations] CAPPING events from decorations provider vscode.git 363
2024-07-11 11:39:54.448 [warning] [Decorations] CAPPING events from decorations provider vscode.git 363
2024-07-11 11:39:59.498 [warning] [Decorations] CAPPING events from decorations provider vscode.git 363
2024-07-11 11:40:04.544 [warning] [Decorations] CAPPING events from decorations provider vscode.git 363
2024-07-11 11:40:09.589 [warning] [Decorations] CAPPING events from decorations provider vscode.git 363
2024-07-11 11:40:14.634 [warning] [Decorations] CAPPING events from decorations provider vscode.git 363
2024-07-11 11:40:19.676 [warning] [Decorations] CAPPING events from decorations provider vscode.git 363
2024-07-11 11:40:24.724 [warning] [Decorations] CAPPING events from decorations provider vscode.git 363
2024-07-11 11:40:29.769 [warning] [Decorations] CAPPING events from decorations provider vscode.git 363
2024-07-11 11:40:34.813 [warning] [Decorations] CAPPING events from decorations provider vscode.git 363
2024-07-11 11:40:39.858 [warning] [Decorations] CAPPING events from decorations provider vscode.git 363
2024-07-11 11:40:44.904 [warning] [Decorations] CAPPING events from decorations provider vscode.git 363
2024-07-11 11:40:49.955 [warning] [Decorations] CAPPING events from decorations provider vscode.git 363
2024-07-11 11:40:54.997 [warning] [Decorations] CAPPING events from decorations provider vscode.git 363
2024-07-11 11:41:00.047 [warning] [Decorations] CAPPING events from decorations provider vscode.git 363
2024-07-11 11:41:05.094 [warning] [Decorations] CAPPING events from decorations provider vscode.git 363
2024-07-11 11:41:10.138 [warning] [Decorations] CAPPING events from decorations provider vscode.git 363
2024-07-11 11:41:15.183 [warning] [Decorations] CAPPING events from decorations provider vscode.git 363
2024-07-11 11:41:20.229 [warning] [Decorations] CAPPING events from decorations provider vscode.git 363
2024-07-11 11:41:25.270 [warning] [Decorations] CAPPING events from decorations provider vscode.git 363
2024-07-11 11:41:30.317 [warning] [Decorations] CAPPING events from decorations provider vscode.git 363
2024-07-11 11:41:35.361 [warning] [Decorations] CAPPING events from decorations provider vscode.git 363
2024-07-11 11:41:40.404 [warning] [Decorations] CAPPING events from decorations provider vscode.git 363
2024-07-11 11:41:45.456 [warning] [Decorations] CAPPING events from decorations provider vscode.git 363
2024-07-11 11:41:50.499 [warning] [Decorations] CAPPING events from decorations provider vscode.git 363
2024-07-11 11:41:55.541 [warning] [Decorations] CAPPING events from decorations provider vscode.git 363
2024-07-11 11:42:00.583 [warning] [Decorations] CAPPING events from decorations provider vscode.git 363
2024-07-11 11:42:05.626 [warning] [Decorations] CAPPING events from decorations provider vscode.git 363
2024-07-11 11:42:10.669 [warning] [Decorations] CAPPING events from decorations provider vscode.git 363
2024-07-11 11:42:15.710 [warning] [Decorations] CAPPING events from decorations provider vscode.git 363
2024-07-11 11:42:20.754 [warning] [Decorations] CAPPING events from decorations provider vscode.git 363
2024-07-11 11:42:25.796 [warning] [Decorations] CAPPING events from decorations provider vscode.git 363
2024-07-11 11:42:38.012 [warning] [Decorations] CAPPING events from decorations provider vscode.git 363
2024-07-11 11:42:45.429 [warning] [Decorations] CAPPING events from decorations provider vscode.git 363
2024-07-11 11:42:50.476 [warning] [Decorations] CAPPING events from decorations provider vscode.git 363
2024-07-11 11:42:55.519 [warning] [Decorations] CAPPING events from decorations provider vscode.git 363
2024-07-11 11:43:00.561 [warning] [Decorations] CAPPING events from decorations provider vscode.git 363
2024-07-11 11:43:05.606 [warning] [Decorations] CAPPING events from decorations provider vscode.git 363
2024-07-11 11:43:10.647 [warning] [Decorations] CAPPING events from decorations provider vscode.git 363
2024-07-11 11:43:15.693 [warning] [Decorations] CAPPING events from decorations provider vscode.git 363
2024-07-11 11:43:26.534 [warning] [Decorations] CAPPING events from decorations provider vscode.git 363
2024-07-11 11:43:31.583 [warning] [Decorations] CAPPING events from decorations provider vscode.git 363
2024-07-11 11:43:36.625 [warning] [Decorations] CAPPING events from decorations provider vscode.git 363
2024-07-11 11:43:41.691 [warning] [Decorations] CAPPING events from decorations provider vscode.git 363
2024-07-11 11:43:46.748 [warning] [Decorations] CAPPING events from decorations provider vscode.git 363
2024-07-11 11:43:51.795 [warning] [Decorations] CAPPING events from decorations provider vscode.git 363
2024-07-11 11:43:56.843 [warning] [Decorations] CAPPING events from decorations provider vscode.git 363
2024-07-11 11:44:01.889 [warning] [Decorations] CAPPING events from decorations provider vscode.git 363
2024-07-11 11:44:06.937 [warning] [Decorations] CAPPING events from decorations provider vscode.git 363
2024-07-11 11:44:11.980 [warning] [Decorations] CAPPING events from decorations provider vscode.git 363
2024-07-11 11:44:17.024 [warning] [Decorations] CAPPING events from decorations provider vscode.git 363
2024-07-11 11:44:22.071 [warning] [Decorations] CAPPING events from decorations provider vscode.git 363
2024-07-11 11:44:27.118 [warning] [Decorations] CAPPING events from decorations provider vscode.git 363
2024-07-11 11:44:32.167 [warning] [Decorations] CAPPING events from decorations provider vscode.git 363
2024-07-11 11:44:37.210 [warning] [Decorations] CAPPING events from decorations provider vscode.git 363
2024-07-11 11:44:42.251 [warning] [Decorations] CAPPING events from decorations provider vscode.git 363
2024-07-11 11:44:47.293 [warning] [Decorations] CAPPING events from decorations provider vscode.git 363
2024-07-11 11:44:52.335 [warning] [Decorations] CAPPING events from decorations provider vscode.git 363
2024-07-11 11:44:57.389 [warning] [Decorations] CAPPING events from decorations provider vscode.git 363
2024-07-11 11:45:02.435 [warning] [Decorations] CAPPING events from decorations provider vscode.git 363
2024-07-11 11:45:07.482 [warning] [Decorations] CAPPING events from decorations provider vscode.git 363
2024-07-11 11:45:12.527 [warning] [Decorations] CAPPING events from decorations provider vscode.git 363
2024-07-11 11:45:17.571 [warning] [Decorations] CAPPING events from decorations provider vscode.git 363
2024-07-11 11:45:22.614 [warning] [Decorations] CAPPING events from decorations provider vscode.git 363
2024-07-11 11:45:27.658 [warning] [Decorations] CAPPING events from decorations provider vscode.git 363
2024-07-11 11:45:32.700 [warning] [Decorations] CAPPING events from decorations provider vscode.git 363
2024-07-11 11:45:51.264 [warning] [Decorations] CAPPING events from decorations provider vscode.git 363
2024-07-11 11:45:56.314 [warning] [Decorations] CAPPING events from decorations provider vscode.git 363
2024-07-11 11:46:01.360 [warning] [Decorations] CAPPING events from decorations provider vscode.git 363
2024-07-11 11:46:06.404 [warning] [Decorations] CAPPING events from decorations provider vscode.git 363
2024-07-11 11:46:11.449 [warning] [Decorations] CAPPING events from decorations provider vscode.git 363
2024-07-11 11:46:16.492 [warning] [Decorations] CAPPING events from decorations provider vscode.git 363
2024-07-11 11:46:21.535 [warning] [Decorations] CAPPING events from decorations provider vscode.git 363
2024-07-11 11:46:26.577 [warning] [Decorations] CAPPING events from decorations provider vscode.git 363
2024-07-11 11:46:31.620 [warning] [Decorations] CAPPING events from decorations provider vscode.git 363
2024-07-11 11:46:36.666 [warning] [Decorations] CAPPING events from decorations provider vscode.git 363
2024-07-11 11:48:06.216 [warning] [Decorations] CAPPING events from decorations provider vscode.git 363
2024-07-11 11:48:11.260 [warning] [Decorations] CAPPING events from decorations provider vscode.git 363
2024-07-11 11:48:16.305 [warning] [Decorations] CAPPING events from decorations provider vscode.git 363
2024-07-11 11:48:21.348 [warning] [Decorations] CAPPING events from decorations provider vscode.git 363
2024-07-11 11:48:50.757 [warning] [Decorations] CAPPING events from decorations provider vscode.git 363
2024-07-11 11:48:55.802 [warning] [Decorations] CAPPING events from decorations provider vscode.git 363
2024-07-11 11:49:00.866 [warning] [Decorations] CAPPING events from decorations provider vscode.git 363
2024-07-11 11:49:05.908 [warning] [Decorations] CAPPING events from decorations provider vscode.git 363
2024-07-11 11:49:10.955 [warning] [Decorations] CAPPING events from decorations provider vscode.git 363
2024-07-11 11:49:16.003 [warning] [Decorations] CAPPING events from decorations provider vscode.git 363
2024-07-11 11:49:21.050 [warning] [Decorations] CAPPING events from decorations provider vscode.git 363
2024-07-11 11:49:26.098 [warning] [Decorations] CAPPING events from decorations provider vscode.git 363
2024-07-11 11:49:31.147 [warning] [Decorations] CAPPING events from decorations provider vscode.git 363
2024-07-11 11:49:36.191 [warning] [Decorations] CAPPING events from decorations provider vscode.git 363
2024-07-11 11:49:41.246 [warning] [Decorations] CAPPING events from decorations provider vscode.git 363
2024-07-11 11:49:46.288 [warning] [Decorations] CAPPING events from decorations provider vscode.git 363
2024-07-11 11:49:51.332 [warning] [Decorations] CAPPING events from decorations provider vscode.git 363
2024-07-11 11:49:56.377 [warning] [Decorations] CAPPING events from decorations provider vscode.git 363
2024-07-11 11:50:01.432 [warning] [Decorations] CAPPING events from decorations provider vscode.git 363
2024-07-11 11:50:06.479 [warning] [Decorations] CAPPING events from decorations provider vscode.git 363
2024-07-11 11:50:11.523 [warning] [Decorations] CAPPING events from decorations provider vscode.git 363
2024-07-11 11:50:16.572 [warning] [Decorations] CAPPING events from decorations provider vscode.git 363
2024-07-11 11:50:21.618 [warning] [Decorations] CAPPING events from decorations provider vscode.git 363
2024-07-11 11:50:26.661 [warning] [Decorations] CAPPING events from decorations provider vscode.git 363
2024-07-11 11:50:31.705 [warning] [Decorations] CAPPING events from decorations provider vscode.git 363
2024-07-11 11:50:36.749 [warning] [Decorations] CAPPING events from decorations provider vscode.git 363
2024-07-11 11:50:41.801 [warning] [Decorations] CAPPING events from decorations provider vscode.git 363
2024-07-11 11:50:46.846 [warning] [Decorations] CAPPING events from decorations provider vscode.git 363
2024-07-11 11:50:51.895 [warning] [Decorations] CAPPING events from decorations provider vscode.git 363
2024-07-11 11:50:56.942 [warning] [Decorations] CAPPING events from decorations provider vscode.git 363
2024-07-11 11:51:01.985 [warning] [Decorations] CAPPING events from decorations provider vscode.git 363
2024-07-11 11:51:07.031 [warning] [Decorations] CAPPING events from decorations provider vscode.git 363
2024-07-11 11:51:12.077 [warning] [Decorations] CAPPING events from decorations provider vscode.git 363
2024-07-11 11:51:17.126 [warning] [Decorations] CAPPING events from decorations provider vscode.git 363
2024-07-11 11:51:22.169 [warning] [Decorations] CAPPING events from decorations provider vscode.git 363
2024-07-11 11:51:27.212 [warning] [Decorations] CAPPING events from decorations provider vscode.git 363
2024-07-11 11:51:32.254 [warning] [Decorations] CAPPING events from decorations provider vscode.git 363
2024-07-11 11:51:37.300 [warning] [Decorations] CAPPING events from decorations provider vscode.git 363
2024-07-11 11:51:42.345 [warning] [Decorations] CAPPING events from decorations provider vscode.git 363
2024-07-11 11:51:47.398 [warning] [Decorations] CAPPING events from decorations provider vscode.git 363
2024-07-11 11:51:52.442 [warning] [Decorations] CAPPING events from decorations provider vscode.git 363
2024-07-11 11:51:57.492 [warning] [Decorations] CAPPING events from decorations provider vscode.git 363
2024-07-11 11:52:18.638 [warning] [Decorations] CAPPING events from decorations provider vscode.git 363
2024-07-11 11:52:34.490 [warning] [Decorations] CAPPING events from decorations provider vscode.git 363
2024-07-11 11:55:11.228 [warning] [Decorations] CAPPING events from decorations provider vscode.git 363
2024-07-11 11:55:19.698 [warning] [Decorations] CAPPING events from decorations provider vscode.git 363
2024-07-11 11:55:24.790 [warning] [Decorations] CAPPING events from decorations provider vscode.git 363
2024-07-11 11:55:29.837 [warning] [Decorations] CAPPING events from decorations provider vscode.git 363
2024-07-11 11:55:34.884 [warning] [Decorations] CAPPING events from decorations provider vscode.git 363
2024-07-11 11:55:50.462 [warning] [Decorations] CAPPING events from decorations provider vscode.git 361
2024-07-11 11:55:55.509 [warning] [Decorations] CAPPING events from decorations provider vscode.git 361
2024-07-11 11:56:00.557 [warning] [Decorations] CAPPING events from decorations provider vscode.git 361
2024-07-11 11:56:05.598 [warning] [Decorations] CAPPING events from decorations provider vscode.git 362
2024-07-11 11:56:10.642 [warning] [Decorations] CAPPING events from decorations provider vscode.git 362
2024-07-11 11:56:15.685 [warning] [Decorations] CAPPING events from decorations provider vscode.git 362
2024-07-11 11:56:20.730 [warning] [Decorations] CAPPING events from decorations provider vscode.git 362
2024-07-11 11:56:29.987 [warning] [Decorations] CAPPING events from decorations provider vscode.git 363
2024-07-11 11:56:35.033 [warning] [Decorations] CAPPING events from decorations provider vscode.git 363
2024-07-11 11:56:40.137 [warning] [Decorations] CAPPING events from decorations provider vscode.git 363
2024-07-11 11:56:47.161 [warning] [Decorations] CAPPING events from decorations provider vscode.git 365
2024-07-11 11:56:53.653 [warning] [Decorations] CAPPING events from decorations provider vscode.git 365
2024-07-11 11:56:58.787 [warning] [Decorations] CAPPING events from decorations provider vscode.git 365
2024-07-11 11:57:03.831 [warning] [Decorations] CAPPING events from decorations provider vscode.git 365
2024-07-11 11:57:08.889 [warning] [Decorations] CAPPING events from decorations provider vscode.git 365
2024-07-11 11:57:13.940 [warning] [Decorations] CAPPING events from decorations provider vscode.git 365
2024-07-11 11:57:18.986 [warning] [Decorations] CAPPING events from decorations provider vscode.git 365
2024-07-11 11:57:24.037 [warning] [Decorations] CAPPING events from decorations provider vscode.git 365
2024-07-11 11:57:29.083 [warning] [Decorations] CAPPING events from decorations provider vscode.git 365
2024-07-11 11:57:34.136 [warning] [Decorations] CAPPING events from decorations provider vscode.git 365
2024-07-11 11:57:39.189 [warning] [Decorations] CAPPING events from decorations provider vscode.git 365
2024-07-11 11:57:44.233 [warning] [Decorations] CAPPING events from decorations provider vscode.git 365
2024-07-11 11:57:49.319 [warning] [Decorations] CAPPING events from decorations provider vscode.git 372
2024-07-11 11:57:54.364 [warning] [Decorations] CAPPING events from decorations provider vscode.git 372
2024-07-11 11:57:59.430 [warning] [Decorations] CAPPING events from decorations provider vscode.git 372
2024-07-11 11:58:04.506 [warning] [Decorations] CAPPING events from decorations provider vscode.git 372
2024-07-11 11:58:09.558 [warning] [Decorations] CAPPING events from decorations provider vscode.git 372
2024-07-11 11:58:14.602 [warning] [Decorations] CAPPING events from decorations provider vscode.git 372
2024-07-11 11:58:19.660 [warning] [Decorations] CAPPING events from decorations provider vscode.git 372
2024-07-11 11:58:41.354 [warning] [Decorations] CAPPING events from decorations provider vscode.git 372
2024-07-11 11:58:46.407 [warning] [Decorations] CAPPING events from decorations provider vscode.git 372
2024-07-11 11:58:51.482 [warning] [Decorations] CAPPING events from decorations provider vscode.git 372
2024-07-11 11:58:56.545 [warning] [Decorations] CAPPING events from decorations provider vscode.git 372
2024-07-11 11:59:01.615 [warning] [Decorations] CAPPING events from decorations provider vscode.git 372
2024-07-11 11:59:06.664 [warning] [Decorations] CAPPING events from decorations provider vscode.git 372
2024-07-11 11:59:11.706 [warning] [Decorations] CAPPING events from decorations provider vscode.git 372
2024-07-11 11:59:16.750 [warning] [Decorations] CAPPING events from decorations provider vscode.git 372
2024-07-11 11:59:21.792 [warning] [Decorations] CAPPING events from decorations provider vscode.git 372
2024-07-11 11:59:26.836 [warning] [Decorations] CAPPING events from decorations provider vscode.git 372
2024-07-11 11:59:31.880 [warning] [Decorations] CAPPING events from decorations provider vscode.git 372
2024-07-11 11:59:36.927 [warning] [Decorations] CAPPING events from decorations provider vscode.git 372
2024-07-11 11:59:41.971 [warning] [Decorations] CAPPING events from decorations provider vscode.git 372
2024-07-11 11:59:54.452 [warning] [Decorations] CAPPING events from decorations provider vscode.git 372
2024-07-11 11:59:59.496 [warning] [Decorations] CAPPING events from decorations provider vscode.git 372
2024-07-11 12:00:04.540 [warning] [Decorations] CAPPING events from decorations provider vscode.git 372
2024-07-11 12:00:09.583 [warning] [Decorations] CAPPING events from decorations provider vscode.git 372
2024-07-11 12:00:14.627 [warning] [Decorations] CAPPING events from decorations provider vscode.git 372
2024-07-11 12:00:19.674 [warning] [Decorations] CAPPING events from decorations provider vscode.git 372
2024-07-11 12:00:24.717 [warning] [Decorations] CAPPING events from decorations provider vscode.git 372
2024-07-11 12:00:58.504 [warning] [Decorations] CAPPING events from decorations provider vscode.git 372
2024-07-11 12:01:04.130 [warning] [Decorations] CAPPING events from decorations provider vscode.git 372
2024-07-11 12:01:09.177 [warning] [Decorations] CAPPING events from decorations provider vscode.git 372
2024-07-11 12:01:14.224 [warning] [Decorations] CAPPING events from decorations provider vscode.git 372
2024-07-11 12:01:19.273 [warning] [Decorations] CAPPING events from decorations provider vscode.git 372
2024-07-11 12:01:27.182 [warning] [Decorations] CAPPING events from decorations provider vscode.git 372
2024-07-11 12:01:33.546 [warning] [Decorations] CAPPING events from decorations provider vscode.git 372
2024-07-11 12:01:38.592 [warning] [Decorations] CAPPING events from decorations provider vscode.git 372
2024-07-11 12:01:43.635 [warning] [Decorations] CAPPING events from decorations provider vscode.git 372
2024-07-11 12:01:48.681 [warning] [Decorations] CAPPING events from decorations provider vscode.git 372
2024-07-11 12:02:23.727 [warning] [Decorations] CAPPING events from decorations provider vscode.git 372
2024-07-11 12:02:28.775 [warning] [Decorations] CAPPING events from decorations provider vscode.git 372
2024-07-11 12:02:33.820 [warning] [Decorations] CAPPING events from decorations provider vscode.git 372
2024-07-11 12:02:38.863 [warning] [Decorations] CAPPING events from decorations provider vscode.git 372
2024-07-11 12:02:43.907 [warning] [Decorations] CAPPING events from decorations provider vscode.git 372
2024-07-11 12:02:48.949 [warning] [Decorations] CAPPING events from decorations provider vscode.git 372
2024-07-11 12:02:53.993 [warning] [Decorations] CAPPING events from decorations provider vscode.git 372
2024-07-11 12:03:30.293 [warning] [Decorations] CAPPING events from decorations provider vscode.git 372
2024-07-11 12:03:50.735 [warning] [Decorations] CAPPING events from decorations provider vscode.git 372
2024-07-11 12:03:55.786 [warning] [Decorations] CAPPING events from decorations provider vscode.git 372
2024-07-11 12:04:00.832 [warning] [Decorations] CAPPING events from decorations provider vscode.git 372
2024-07-11 12:04:05.877 [warning] [Decorations] CAPPING events from decorations provider vscode.git 372
2024-07-11 12:04:10.918 [warning] [Decorations] CAPPING events from decorations provider vscode.git 372
2024-07-11 12:04:15.964 [warning] [Decorations] CAPPING events from decorations provider vscode.git 372
2024-07-11 12:04:21.009 [warning] [Decorations] CAPPING events from decorations provider vscode.git 372
2024-07-11 12:04:26.058 [warning] [Decorations] CAPPING events from decorations provider vscode.git 372
2024-07-11 12:04:31.110 [warning] [Decorations] CAPPING events from decorations provider vscode.git 372
2024-07-11 12:04:36.152 [warning] [Decorations] CAPPING events from decorations provider vscode.git 372
2024-07-11 12:04:41.195 [warning] [Decorations] CAPPING events from decorations provider vscode.git 372
2024-07-11 12:04:46.237 [warning] [Decorations] CAPPING events from decorations provider vscode.git 372
2024-07-11 12:04:51.281 [warning] [Decorations] CAPPING events from decorations provider vscode.git 372
2024-07-11 12:04:56.327 [warning] [Decorations] CAPPING events from decorations provider vscode.git 372
2024-07-11 12:05:01.373 [warning] [Decorations] CAPPING events from decorations provider vscode.git 372
2024-07-11 12:05:06.418 [warning] [Decorations] CAPPING events from decorations provider vscode.git 372
2024-07-11 12:07:27.406 [warning] [Decorations] CAPPING events from decorations provider vscode.git 372
2024-07-11 12:07:32.450 [warning] [Decorations] CAPPING events from decorations provider vscode.git 372
2024-07-11 12:07:37.500 [warning] [Decorations] CAPPING events from decorations provider vscode.git 372
2024-07-11 12:07:42.543 [warning] [Decorations] CAPPING events from decorations provider vscode.git 372
2024-07-11 12:07:49.734 [warning] [Decorations] CAPPING events from decorations provider vscode.git 372
2024-07-11 12:07:54.781 [warning] [Decorations] CAPPING events from decorations provider vscode.git 372
2024-07-11 12:07:59.830 [warning] [Decorations] CAPPING events from decorations provider vscode.git 372
2024-07-11 12:08:09.803 [warning] [Decorations] CAPPING events from decorations provider vscode.git 372
2024-07-11 12:08:14.846 [warning] [Decorations] CAPPING events from decorations provider vscode.git 372
2024-07-11 12:08:19.897 [warning] [Decorations] CAPPING events from decorations provider vscode.git 372
2024-07-11 12:08:24.941 [warning] [Decorations] CAPPING events from decorations provider vscode.git 372
2024-07-11 12:08:29.984 [warning] [Decorations] CAPPING events from decorations provider vscode.git 372
2024-07-11 12:08:35.028 [warning] [Decorations] CAPPING events from decorations provider vscode.git 372
2024-07-11 12:08:40.072 [warning] [Decorations] CAPPING events from decorations provider vscode.git 372
2024-07-11 12:08:45.116 [warning] [Decorations] CAPPING events from decorations provider vscode.git 372
2024-07-11 12:08:50.160 [warning] [Decorations] CAPPING events from decorations provider vscode.git 372
2024-07-11 12:08:55.204 [warning] [Decorations] CAPPING events from decorations provider vscode.git 372
2024-07-11 12:09:00.259 [warning] [Decorations] CAPPING events from decorations provider vscode.git 372
2024-07-11 12:09:05.301 [warning] [Decorations] CAPPING events from decorations provider vscode.git 372
2024-07-11 12:09:10.348 [warning] [Decorations] CAPPING events from decorations provider vscode.git 372
2024-07-11 12:09:15.392 [warning] [Decorations] CAPPING events from decorations provider vscode.git 372
2024-07-11 12:09:20.439 [warning] [Decorations] CAPPING events from decorations provider vscode.git 372
2024-07-11 12:09:31.599 [warning] [Decorations] CAPPING events from decorations provider vscode.git 372
2024-07-11 12:10:55.067 [warning] [Decorations] CAPPING events from decorations provider vscode.git 372
2024-07-11 12:11:00.112 [warning] [Decorations] CAPPING events from decorations provider vscode.git 372
2024-07-11 12:11:05.157 [warning] [Decorations] CAPPING events from decorations provider vscode.git 372
2024-07-11 12:11:10.202 [warning] [Decorations] CAPPING events from decorations provider vscode.git 372
2024-07-11 12:11:15.258 [warning] [Decorations] CAPPING events from decorations provider vscode.git 372
2024-07-11 12:11:20.306 [warning] [Decorations] CAPPING events from decorations provider vscode.git 372
2024-07-11 12:11:25.350 [warning] [Decorations] CAPPING events from decorations provider vscode.git 372
2024-07-11 12:11:30.398 [warning] [Decorations] CAPPING events from decorations provider vscode.git 372
2024-07-11 12:11:35.442 [warning] [Decorations] CAPPING events from decorations provider vscode.git 372
2024-07-11 12:11:44.167 [warning] [Decorations] CAPPING events from decorations provider vscode.git 372
2024-07-11 12:11:49.211 [warning] [Decorations] CAPPING events from decorations provider vscode.git 373
