2024-07-04 12:09:28.085 [info] Log level: Info
2024-07-04 12:09:28.085 [info] Validating found git in: "git"
2024-07-04 12:09:28.085 [info] Using git "2.34.1" from "git"
2024-07-04 12:09:28.085 [info] > git rev-parse --show-toplevel [18ms]
2024-07-04 12:09:28.085 [info] fatal: not a git repository (or any of the parent directories): .git
2024-07-04 12:09:28.085 [info] > git rev-parse --show-toplevel [7ms]
2024-07-04 12:09:28.085 [info] fatal: not a git repository (or any of the parent directories): .git
2024-07-04 12:09:28.090 [info] > git rev-parse --show-toplevel [2ms]
2024-07-04 12:09:28.090 [info] fatal: not a git repository (or any of the parent directories): .git
2024-07-04 12:09:28.094 [info] > git rev-parse --show-toplevel [1ms]
2024-07-04 12:09:28.094 [info] fatal: not a git repository (or any of the parent directories): .git
2024-07-04 12:09:28.099 [info] > git rev-parse --show-toplevel [2ms]
2024-07-04 12:09:28.099 [info] fatal: not a git repository (or any of the parent directories): .git
2024-07-04 12:10:35.644 [info] > git rev-parse --show-toplevel [1ms]
2024-07-04 12:10:35.644 [info] fatal: not a git repository (or any of the parent directories): .git
2024-07-04 12:24:33.549 [info] > git rev-parse --show-toplevel [2ms]
2024-07-04 12:24:33.549 [info] fatal: not a git repository (or any of the parent directories): .git
2024-07-04 12:24:40.403 [info] > git rev-parse --show-toplevel [2ms]
2024-07-04 12:24:40.403 [info] fatal: not a git repository (or any of the parent directories): .git
2024-07-04 12:24:41.376 [info] > git rev-parse --show-toplevel [2ms]
2024-07-04 12:24:41.377 [info] fatal: not a git repository (or any of the parent directories): .git
2024-07-04 12:24:46.400 [info] > git rev-parse --show-toplevel [2ms]
2024-07-04 12:24:46.400 [info] fatal: not a git repository (or any of the parent directories): .git
2024-07-04 12:24:46.864 [info] > git rev-parse --show-toplevel [1ms]
2024-07-04 12:24:46.864 [info] fatal: not a git repository (or any of the parent directories): .git
2024-07-04 12:25:16.040 [info] > git rev-parse --show-toplevel [1ms]
2024-07-04 12:25:16.041 [info] fatal: not a git repository (or any of the parent directories): .git
2024-07-04 12:25:18.087 [info] > git rev-parse --show-toplevel [2ms]
2024-07-04 12:25:18.088 [info] fatal: not a git repository (or any of the parent directories): .git
