2024-07-09 08:52:00.582 [info] Log level: Info
2024-07-09 08:52:00.582 [info] Validating found git in: "git"
2024-07-09 08:52:00.582 [info] Using git "2.34.1" from "git"
2024-07-09 08:52:00.586 [info] > git rev-parse --show-toplevel [5ms]
2024-07-09 08:52:00.586 [info] fatal: not a git repository (or any of the parent directories): .git
2024-07-09 08:52:00.591 [info] > git rev-parse --show-toplevel [2ms]
2024-07-09 08:52:00.591 [info] fatal: not a git repository (or any of the parent directories): .git
2024-07-09 08:52:00.625 [info] > git rev-parse --show-toplevel [30ms]
2024-07-09 08:52:00.625 [info] fatal: not a git repository (or any of the parent directories): .git
2024-07-09 08:52:00.629 [info] > git rev-parse --show-toplevel [1ms]
2024-07-09 08:52:00.629 [info] fatal: not a git repository (or any of the parent directories): .git
2024-07-09 08:52:00.633 [info] > git rev-parse --show-toplevel [1ms]
2024-07-09 08:52:00.633 [info] fatal: not a git repository (or any of the parent directories): .git
2024-07-09 08:52:00.638 [info] > git rev-parse --show-toplevel [1ms]
2024-07-09 08:52:00.638 [info] fatal: not a git repository (or any of the parent directories): .git
2024-07-09 08:52:00.641 [info] > git rev-parse --show-toplevel [1ms]
2024-07-09 08:52:00.641 [info] fatal: not a git repository (or any of the parent directories): .git
2024-07-09 08:52:00.644 [info] > git rev-parse --show-toplevel [1ms]
2024-07-09 08:52:00.644 [info] fatal: not a git repository (or any of the parent directories): .git
2024-07-09 08:52:01.468 [info] > git rev-parse --show-toplevel [2ms]
2024-07-09 08:52:01.468 [info] fatal: not a git repository (or any of the parent directories): .git
2024-07-09 08:52:02.708 [info] > git rev-parse --show-toplevel [1ms]
2024-07-09 08:52:02.708 [info] fatal: not a git repository (or any of the parent directories): .git
2024-07-09 08:52:03.774 [info] > git rev-parse --show-toplevel [1ms]
2024-07-09 08:52:03.774 [info] fatal: not a git repository (or any of the parent directories): .git
2024-07-09 08:52:04.713 [info] > git rev-parse --show-toplevel [1ms]
2024-07-09 08:52:04.713 [info] fatal: not a git repository (or any of the parent directories): .git
2024-07-09 08:52:05.836 [info] > git rev-parse --show-toplevel [1ms]
2024-07-09 08:52:05.836 [info] fatal: not a git repository (or any of the parent directories): .git
2024-07-09 08:52:06.942 [info] > git rev-parse --show-toplevel [2ms]
2024-07-09 08:52:06.942 [info] fatal: not a git repository (or any of the parent directories): .git
2024-07-09 08:56:45.319 [info] > git rev-parse --show-toplevel [3ms]
2024-07-09 08:56:45.319 [info] fatal: not a git repository (or any of the parent directories): .git
2024-07-09 08:56:48.209 [info] > git rev-parse --show-toplevel [1ms]
2024-07-09 08:56:48.209 [info] fatal: not a git repository (or any of the parent directories): .git
2024-07-09 08:58:23.917 [info] > git rev-parse --show-toplevel [1ms]
2024-07-09 08:58:23.917 [info] fatal: not a git repository (or any of the parent directories): .git
2024-07-09 08:58:47.213 [info] > git rev-parse --show-toplevel [2ms]
2024-07-09 08:58:47.214 [info] fatal: not a git repository (or any of the parent directories): .git
2024-07-09 08:58:57.470 [info] > git rev-parse --show-toplevel [1ms]
2024-07-09 08:58:57.470 [info] fatal: not a git repository (or any of the parent directories): .git
