2024-07-08 08:48:07.504 [info] Extension host with pid 1350 started
2024-07-08 08:48:07.504 [error] Error: EEXIST: file already exists, open '/root/.vscode-server/data/User/workspaceStorage/decbaa71f00ccc70ee4822bb32cad01d/vscode.lock'
2024-07-08 08:48:07.512 [info] Lock '/root/.vscode-server/data/User/workspaceStorage/decbaa71f00ccc70ee4822bb32cad01d/vscode.lock': Could not acquire lock, checking if the file is stale.
2024-07-08 08:48:07.518 [info] Lock '/root/.vscode-server/data/User/workspaceStorage/decbaa71f00ccc70ee4822bb32cad01d/vscode.lock': The pid 43760 appears to be gone.
2024-07-08 08:48:07.518 [info] Lock '/root/.vscode-server/data/User/workspaceStorage/decbaa71f00ccc70ee4822bb32cad01d/vscode.lock': Deleting a stale lock.
2024-07-08 08:48:07.522 [info] Lock '/root/.vscode-server/data/User/workspaceStorage/decbaa71f00ccc70ee4822bb32cad01d/vscode.lock': Lock acquired.
2024-07-08 08:48:07.614 [info] ExtensionService#_doActivateExtension vscode.tunnel-forwarding, startup: false, activationEvent: 'onTunnel'
2024-07-08 08:48:07.615 [info] ExtensionService#_doActivateExtension vscode.emmet, startup: false, activationEvent: 'onLanguage'
2024-07-08 08:48:07.616 [info] ExtensionService#_doActivateExtension ms-azuretools.vscode-docker, startup: false, activationEvent: 'onLanguage:dockercompose'
2024-07-08 08:48:08.262 [info] ExtensionService#_doActivateExtension vscode.git-base, startup: true, activationEvent: '*', root cause: vscode.git
2024-07-08 08:48:08.441 [info] ExtensionService#_doActivateExtension vscode.git, startup: true, activationEvent: '*'
2024-07-08 08:48:08.442 [info] ExtensionService#_doActivateExtension vscode.github, startup: true, activationEvent: '*'
2024-07-08 08:48:08.682 [info] Eager extensions activated
2024-07-08 08:48:08.682 [info] ExtensionService#_doActivateExtension vscode.debug-auto-launch, startup: false, activationEvent: 'onStartupFinished'
2024-07-08 08:48:08.683 [info] ExtensionService#_doActivateExtension vscode.merge-conflict, startup: false, activationEvent: 'onStartupFinished'
2024-07-08 08:57:38.753 [info] ExtensionService#_doActivateExtension vscode.npm, startup: false, activationEvent: 'onTerminalQuickFixRequest:ms-vscode.npm-command'
2024-07-08 10:06:46.308 [error] Error: read ECONNRESET
	at TLSWrap.onStreamRead (node:internal/stream_base_commons:217:20)
2024-07-08 11:16:01.912 [error] Error: read ECONNRESET
	at TLSWrap.onStreamRead (node:internal/stream_base_commons:217:20)
2024-07-08 13:24:57.564 [info] Extension host terminating: renderer disconnected for too long (2)
2024-07-08 13:24:57.565 [info] Lock '/root/.vscode-server/data/User/workspaceStorage/decbaa71f00ccc70ee4822bb32cad01d/vscode.lock': Marking the lockfile as scheduled to be released in 6000 ms.
2024-07-08 13:24:57.607 [info] Extension host with pid 1350 exiting with code 0
