2024-07-08 13:19:58.290 [info] Extension host with pid 34817 started
2024-07-08 13:19:58.290 [error] Error: EEXIST: file already exists, open '/root/.vscode-server/data/User/workspaceStorage/decbaa71f00ccc70ee4822bb32cad01d/vscode.lock'
2024-07-08 13:19:58.298 [info] Lock '/root/.vscode-server/data/User/workspaceStorage/decbaa71f00ccc70ee4822bb32cad01d/vscode.lock': Could not acquire lock, checking if the file is stale.
2024-07-08 13:19:58.345 [info] ExtensionService#_doActivateExtension vscode.emmet, startup: false, activationEvent: 'onLanguage'
2024-07-08 13:19:58.346 [info] ExtensionService#_doActivateExtension ms-azuretools.vscode-docker, startup: false, activationEvent: 'onLanguage:dockercompose'
2024-07-08 13:19:58.806 [info] ExtensionService#_doActivateExtension vscode.tunnel-forwarding, startup: false, activationEvent: 'onTunnel'
2024-07-08 13:19:58.814 [info] Lock '/root/.vscode-server/data/User/workspaceStorage/decbaa71f00ccc70ee4822bb32cad01d/vscode.lock': The lock does not look stale, elapsed: 1000 ms, giving up.
2024-07-08 13:19:58.819 [info] Lock '/root/.vscode-server/data/User/workspaceStorage/decbaa71f00ccc70ee4822bb32cad01d-1/vscode.lock': Lock acquired.
2024-07-08 13:19:58.993 [info] ExtensionService#_doActivateExtension vscode.git-base, startup: true, activationEvent: '*', root cause: vscode.git
2024-07-08 13:19:59.048 [info] ExtensionService#_doActivateExtension vscode.git, startup: true, activationEvent: '*'
2024-07-08 13:19:59.050 [info] ExtensionService#_doActivateExtension vscode.github, startup: true, activationEvent: '*'
2024-07-08 13:19:59.439 [info] Eager extensions activated
2024-07-08 13:19:59.439 [info] ExtensionService#_doActivateExtension vscode.debug-auto-launch, startup: false, activationEvent: 'onStartupFinished'
2024-07-08 13:19:59.440 [info] ExtensionService#_doActivateExtension vscode.merge-conflict, startup: false, activationEvent: 'onStartupFinished'
2024-07-08 13:57:07.312 [error] Error: read ECONNRESET
	at TLSWrap.onStreamRead (node:internal/stream_base_commons:217:20)
2024-07-08 14:10:07.283 [error] Error: read ECONNRESET
	at TLSWrap.onStreamRead (node:internal/stream_base_commons:217:20)
2024-07-08 15:22:57.059 [info] Extension host terminating: renderer disconnected for too long (2)
2024-07-08 15:22:57.060 [info] Lock '/root/.vscode-server/data/User/workspaceStorage/decbaa71f00ccc70ee4822bb32cad01d-1/vscode.lock': Marking the lockfile as scheduled to be released in 6000 ms.
2024-07-08 15:22:57.107 [info] Extension host with pid 34817 exiting with code 0
