2024-07-05 08:55:06.662 [info] Log level: Info
2024-07-05 08:55:06.662 [info] Validating found git in: "git"
2024-07-05 08:55:06.662 [info] Using git "2.34.1" from "git"
2024-07-05 08:55:06.662 [info] > git rev-parse --show-toplevel [7ms]
2024-07-05 08:55:06.662 [info] fatal: not a git repository (or any of the parent directories): .git
2024-07-05 08:55:06.692 [info] > git rev-parse --show-toplevel [30ms]
2024-07-05 08:55:06.692 [info] fatal: not a git repository (or any of the parent directories): .git
2024-07-05 08:55:06.696 [info] > git rev-parse --show-toplevel [1ms]
2024-07-05 08:55:06.696 [info] fatal: not a git repository (or any of the parent directories): .git
2024-07-05 08:55:06.703 [info] > git rev-parse --show-toplevel [4ms]
2024-07-05 08:55:06.703 [info] fatal: not a git repository (or any of the parent directories): .git
2024-07-05 08:55:06.709 [info] > git rev-parse --show-toplevel [1ms]
2024-07-05 08:55:06.709 [info] fatal: not a git repository (or any of the parent directories): .git
2024-07-05 08:55:06.716 [info] > git rev-parse --show-toplevel [1ms]
2024-07-05 08:55:06.716 [info] fatal: not a git repository (or any of the parent directories): .git
2024-07-05 08:55:06.719 [info] > git rev-parse --show-toplevel [1ms]
2024-07-05 08:55:06.719 [info] fatal: not a git repository (or any of the parent directories): .git
2024-07-05 08:55:06.723 [info] > git rev-parse --show-toplevel [0ms]
2024-07-05 08:55:06.723 [info] fatal: not a git repository (or any of the parent directories): .git
2024-07-05 08:55:21.929 [info] > git rev-parse --show-toplevel [1ms]
2024-07-05 08:55:21.929 [info] fatal: not a git repository (or any of the parent directories): .git
2024-07-05 08:55:23.275 [info] > git rev-parse --show-toplevel [1ms]
2024-07-05 08:55:23.276 [info] fatal: not a git repository (or any of the parent directories): .git
2024-07-05 08:55:24.379 [info] > git rev-parse --show-toplevel [0ms]
2024-07-05 08:55:24.379 [info] fatal: not a git repository (or any of the parent directories): .git
2024-07-05 08:55:24.843 [info] > git rev-parse --show-toplevel [3ms]
2024-07-05 08:55:24.843 [info] fatal: not a git repository (or any of the parent directories): .git
2024-07-05 08:55:26.030 [info] > git rev-parse --show-toplevel [2ms]
2024-07-05 08:55:26.030 [info] fatal: not a git repository (or any of the parent directories): .git
2024-07-05 08:55:26.890 [info] > git rev-parse --show-toplevel [1ms]
2024-07-05 08:55:26.890 [info] fatal: not a git repository (or any of the parent directories): .git
2024-07-05 08:55:27.205 [info] > git rev-parse --show-toplevel [1ms]
2024-07-05 08:55:27.206 [info] fatal: not a git repository (or any of the parent directories): .git
2024-07-05 08:55:34.796 [info] > git rev-parse --show-toplevel [2ms]
2024-07-05 08:55:34.796 [info] fatal: not a git repository (or any of the parent directories): .git
