2024-07-08 15:17:58.983 [info] Log level: Info
2024-07-08 15:17:58.983 [info] Validating found git in: "git"
2024-07-08 15:17:58.983 [info] Using git "2.34.1" from "git"
2024-07-08 15:17:58.983 [info] > git rev-parse --show-toplevel [41ms]
2024-07-08 15:17:58.983 [info] fatal: not a git repository (or any of the parent directories): .git
2024-07-08 15:17:58.983 [info] > git rev-parse --show-toplevel [5ms]
2024-07-08 15:17:58.983 [info] fatal: not a git repository (or any of the parent directories): .git
2024-07-08 15:17:58.984 [info] > git rev-parse --show-toplevel [1ms]
2024-07-08 15:17:58.985 [info] fatal: not a git repository (or any of the parent directories): .git
2024-07-08 15:17:58.995 [info] > git rev-parse --show-toplevel [5ms]
2024-07-08 15:17:58.995 [info] fatal: not a git repository (or any of the parent directories): .git
2024-07-08 15:17:59.000 [info] > git rev-parse --show-toplevel [0ms]
2024-07-08 15:17:59.001 [info] fatal: not a git repository (or any of the parent directories): .git
2024-07-08 15:17:59.007 [info] > git rev-parse --show-toplevel [3ms]
2024-07-08 15:17:59.007 [info] fatal: not a git repository (or any of the parent directories): .git
2024-07-08 15:17:59.013 [info] > git rev-parse --show-toplevel [1ms]
2024-07-08 15:17:59.013 [info] fatal: not a git repository (or any of the parent directories): .git
2024-07-08 15:17:59.018 [info] > git rev-parse --show-toplevel [1ms]
2024-07-08 15:17:59.018 [info] fatal: not a git repository (or any of the parent directories): .git
2024-07-08 15:18:07.063 [info] > git rev-parse --show-toplevel [12ms]
2024-07-08 15:18:07.064 [info] fatal: not a git repository (or any of the parent directories): .git
2024-07-08 15:18:10.865 [info] > git rev-parse --show-toplevel [3ms]
2024-07-08 15:18:10.865 [info] fatal: not a git repository (or any of the parent directories): .git
2024-07-08 15:18:15.418 [info] > git rev-parse --show-toplevel [1ms]
2024-07-08 15:18:15.419 [info] fatal: not a git repository (or any of the parent directories): .git
2024-07-08 15:21:58.799 [info] > git rev-parse --show-toplevel [1ms]
2024-07-08 15:21:58.800 [info] fatal: not a git repository (or any of the parent directories): .git
2024-07-08 15:22:11.064 [info] > git rev-parse --show-toplevel [1ms]
2024-07-08 15:22:11.065 [info] fatal: not a git repository (or any of the parent directories): .git
2024-07-08 15:22:15.589 [info] > git rev-parse --show-toplevel [13ms]
2024-07-08 15:22:15.589 [info] fatal: not a git repository (or any of the parent directories): .git
2024-07-08 15:22:17.185 [info] > git rev-parse --show-toplevel [2ms]
2024-07-08 15:22:17.185 [info] fatal: not a git repository (or any of the parent directories): .git
2024-07-08 15:23:50.896 [info] > git rev-parse --show-toplevel [1ms]
2024-07-08 15:23:50.896 [info] fatal: not a git repository (or any of the parent directories): .git
2024-07-08 15:24:09.476 [info] > git rev-parse --show-toplevel [3ms]
2024-07-08 15:24:09.476 [info] fatal: not a git repository (or any of the parent directories): .git
2024-07-08 15:24:10.059 [info] > git rev-parse --show-toplevel [2ms]
2024-07-08 15:24:10.059 [info] fatal: not a git repository (or any of the parent directories): .git
2024-07-08 15:25:01.678 [info] > git rev-parse --show-toplevel [1ms]
2024-07-08 15:25:01.678 [info] fatal: not a git repository (or any of the parent directories): .git
2024-07-08 15:26:03.239 [info] > git rev-parse --show-toplevel [1ms]
2024-07-08 15:26:03.239 [info] fatal: not a git repository (or any of the parent directories): .git
2024-07-08 15:26:37.556 [info] > git rev-parse --show-toplevel [1ms]
2024-07-08 15:26:37.556 [info] fatal: not a git repository (or any of the parent directories): .git
2024-07-08 15:27:52.605 [info] > git rev-parse --show-toplevel [4ms]
2024-07-08 15:27:52.605 [info] fatal: not a git repository (or any of the parent directories): .git
2024-07-08 15:27:54.203 [info] > git rev-parse --show-toplevel [1ms]
2024-07-08 15:27:54.203 [info] fatal: not a git repository (or any of the parent directories): .git
2024-07-08 15:28:01.654 [info] > git rev-parse --show-toplevel [3ms]
2024-07-08 15:28:01.654 [info] fatal: not a git repository (or any of the parent directories): .git
2024-07-08 15:28:04.217 [info] > git rev-parse --show-toplevel [1ms]
2024-07-08 15:28:04.217 [info] fatal: not a git repository (or any of the parent directories): .git
2024-07-08 15:28:13.151 [info] > git rev-parse --show-toplevel [2ms]
2024-07-08 15:28:13.151 [info] fatal: not a git repository (or any of the parent directories): .git
2024-07-08 15:28:13.757 [info] > git rev-parse --show-toplevel [3ms]
2024-07-08 15:28:13.757 [info] fatal: not a git repository (or any of the parent directories): .git
2024-07-08 15:28:16.895 [info] > git rev-parse --show-toplevel [1ms]
2024-07-08 15:28:16.896 [info] fatal: not a git repository (or any of the parent directories): .git
2024-07-08 15:28:18.331 [info] > git rev-parse --show-toplevel [2ms]
2024-07-08 15:28:18.331 [info] fatal: not a git repository (or any of the parent directories): .git
2024-07-08 15:28:19.033 [info] > git rev-parse --show-toplevel [2ms]
2024-07-08 15:28:19.033 [info] fatal: not a git repository (or any of the parent directories): .git
2024-07-08 15:28:22.944 [info] > git rev-parse --show-toplevel [2ms]
2024-07-08 15:28:22.945 [info] fatal: not a git repository (or any of the parent directories): .git
2024-07-08 15:28:39.075 [info] > git rev-parse --show-toplevel [1ms]
2024-07-08 15:28:39.075 [info] fatal: not a git repository (or any of the parent directories): .git
2024-07-08 15:28:39.669 [info] > git rev-parse --show-toplevel [1ms]
2024-07-08 15:28:39.669 [info] fatal: not a git repository (or any of the parent directories): .git
2024-07-08 15:28:42.367 [info] > git rev-parse --show-toplevel [1ms]
2024-07-08 15:28:42.367 [info] fatal: not a git repository (or any of the parent directories): .git
2024-07-08 15:28:45.617 [info] > git rev-parse --show-toplevel [1ms]
2024-07-08 15:28:45.617 [info] fatal: not a git repository (or any of the parent directories): .git
2024-07-08 15:28:51.012 [info] > git rev-parse --show-toplevel [1ms]
2024-07-08 15:28:51.012 [info] fatal: not a git repository (or any of the parent directories): .git
2024-07-08 15:31:38.977 [info] > git rev-parse --show-toplevel [1ms]
2024-07-08 15:31:38.977 [info] fatal: not a git repository (or any of the parent directories): .git
2024-07-08 15:31:39.280 [info] > git rev-parse --show-toplevel [1ms]
2024-07-08 15:31:39.280 [info] fatal: not a git repository (or any of the parent directories): .git
2024-07-08 15:31:39.756 [info] > git rev-parse --show-toplevel [2ms]
2024-07-08 15:31:39.756 [info] fatal: not a git repository (or any of the parent directories): .git
2024-07-08 15:31:40.118 [info] > git rev-parse --show-toplevel [2ms]
2024-07-08 15:31:40.118 [info] fatal: not a git repository (or any of the parent directories): .git
2024-07-08 15:32:15.031 [info] > git rev-parse --show-toplevel [1ms]
2024-07-08 15:32:15.031 [info] fatal: not a git repository (or any of the parent directories): .git
2024-07-08 15:32:16.783 [info] > git rev-parse --show-toplevel [1ms]
2024-07-08 15:32:16.783 [info] fatal: not a git repository (or any of the parent directories): .git
2024-07-08 15:32:23.258 [info] > git rev-parse --show-toplevel [2ms]
2024-07-08 15:32:23.258 [info] fatal: not a git repository (or any of the parent directories): .git
2024-07-08 15:32:23.947 [info] > git rev-parse --show-toplevel [1ms]
2024-07-08 15:32:23.947 [info] fatal: not a git repository (or any of the parent directories): .git
2024-07-08 15:32:29.367 [info] > git rev-parse --show-toplevel [2ms]
2024-07-08 15:32:29.368 [info] fatal: not a git repository (or any of the parent directories): .git
2024-07-08 15:32:30.708 [info] > git rev-parse --show-toplevel [2ms]
2024-07-08 15:32:30.708 [info] fatal: not a git repository (or any of the parent directories): .git
2024-07-08 15:32:31.726 [info] > git rev-parse --show-toplevel [3ms]
2024-07-08 15:32:31.726 [info] fatal: not a git repository (or any of the parent directories): .git
2024-07-08 15:32:34.330 [info] > git rev-parse --show-toplevel [2ms]
2024-07-08 15:32:34.330 [info] fatal: not a git repository (or any of the parent directories): .git
2024-07-08 15:35:39.246 [info] > git rev-parse --show-toplevel [2ms]
2024-07-08 15:35:39.247 [info] fatal: not a git repository (or any of the parent directories): .git
2024-07-08 15:35:39.998 [info] > git rev-parse --show-toplevel [2ms]
2024-07-08 15:35:39.998 [info] fatal: not a git repository (or any of the parent directories): .git
2024-07-08 15:35:40.658 [info] > git rev-parse --show-toplevel [1ms]
2024-07-08 15:35:40.659 [info] fatal: not a git repository (or any of the parent directories): .git
2024-07-08 15:35:42.986 [info] > git rev-parse --show-toplevel [1ms]
2024-07-08 15:35:42.986 [info] fatal: not a git repository (or any of the parent directories): .git
2024-07-08 15:35:44.363 [info] > git rev-parse --show-toplevel [1ms]
2024-07-08 15:35:44.363 [info] fatal: not a git repository (or any of the parent directories): .git
2024-07-08 15:35:44.982 [info] > git rev-parse --show-toplevel [2ms]
2024-07-08 15:35:44.982 [info] fatal: not a git repository (or any of the parent directories): .git
2024-07-08 15:36:46.893 [info] > git rev-parse --show-toplevel [1ms]
2024-07-08 15:36:46.893 [info] fatal: not a git repository (or any of the parent directories): .git
2024-07-08 15:36:48.170 [info] > git rev-parse --show-toplevel [1ms]
2024-07-08 15:36:48.170 [info] fatal: not a git repository (or any of the parent directories): .git
2024-07-08 15:38:08.637 [info] > git rev-parse --show-toplevel [1ms]
2024-07-08 15:38:08.638 [info] fatal: not a git repository (or any of the parent directories): .git
2024-07-08 15:39:45.778 [info] > git rev-parse --show-toplevel [1ms]
2024-07-08 15:39:45.778 [info] fatal: not a git repository (or any of the parent directories): .git
2024-07-08 15:39:50.588 [info] > git rev-parse --show-toplevel [2ms]
2024-07-08 15:39:50.588 [info] fatal: not a git repository (or any of the parent directories): .git
2024-07-08 15:39:50.860 [info] > git rev-parse --show-toplevel [1ms]
2024-07-08 15:39:50.861 [info] fatal: not a git repository (or any of the parent directories): .git
2024-07-08 15:39:51.092 [info] > git rev-parse --show-toplevel [1ms]
2024-07-08 15:39:51.092 [info] fatal: not a git repository (or any of the parent directories): .git
2024-07-08 15:39:54.305 [info] > git rev-parse --show-toplevel [1ms]
2024-07-08 15:39:54.305 [info] fatal: not a git repository (or any of the parent directories): .git
2024-07-08 15:39:56.977 [info] > git rev-parse --show-toplevel [1ms]
2024-07-08 15:39:56.977 [info] fatal: not a git repository (or any of the parent directories): .git
2024-07-08 15:39:58.358 [info] > git rev-parse --show-toplevel [2ms]
2024-07-08 15:39:58.358 [info] fatal: not a git repository (or any of the parent directories): .git
2024-07-08 15:40:46.499 [info] > git rev-parse --show-toplevel [2ms]
2024-07-08 15:40:46.499 [info] fatal: not a git repository (or any of the parent directories): .git
2024-07-08 15:41:07.805 [info] > git rev-parse --show-toplevel [2ms]
2024-07-08 15:41:07.805 [info] fatal: not a git repository (or any of the parent directories): .git
2024-07-08 15:41:09.325 [info] > git rev-parse --show-toplevel [1ms]
2024-07-08 15:41:09.325 [info] fatal: not a git repository (or any of the parent directories): .git
2024-07-08 15:42:55.096 [info] > git rev-parse --show-toplevel [1ms]
2024-07-08 15:42:55.097 [info] fatal: not a git repository (or any of the parent directories): .git
2024-07-08 15:42:56.177 [info] > git rev-parse --show-toplevel [1ms]
2024-07-08 15:42:56.177 [info] fatal: not a git repository (or any of the parent directories): .git
2024-07-08 15:42:57.002 [info] > git rev-parse --show-toplevel [1ms]
2024-07-08 15:42:57.002 [info] fatal: not a git repository (or any of the parent directories): .git
2024-07-08 15:44:18.435 [info] > git rev-parse --show-toplevel [1ms]
2024-07-08 15:44:18.435 [info] fatal: not a git repository (or any of the parent directories): .git
2024-07-08 15:45:14.903 [info] > git rev-parse --show-toplevel [1ms]
2024-07-08 15:45:14.903 [info] fatal: not a git repository (or any of the parent directories): .git
2024-07-08 15:45:23.036 [info] > git rev-parse --show-toplevel [1ms]
2024-07-08 15:45:23.036 [info] fatal: not a git repository (or any of the parent directories): .git
2024-07-08 15:47:16.734 [info] > git rev-parse --show-toplevel [2ms]
2024-07-08 15:47:16.734 [info] fatal: not a git repository (or any of the parent directories): .git
2024-07-08 15:47:22.518 [info] > git rev-parse --show-toplevel [2ms]
2024-07-08 15:47:22.518 [info] fatal: not a git repository (or any of the parent directories): .git
2024-07-08 15:47:28.775 [info] > git rev-parse --show-toplevel [2ms]
2024-07-08 15:47:28.775 [info] fatal: not a git repository (or any of the parent directories): .git
2024-07-08 15:47:30.738 [info] > git rev-parse --show-toplevel [1ms]
2024-07-08 15:47:30.738 [info] fatal: not a git repository (or any of the parent directories): .git
2024-07-08 15:47:48.544 [info] > git rev-parse --show-toplevel [2ms]
2024-07-08 15:47:48.544 [info] fatal: not a git repository (or any of the parent directories): .git
2024-07-08 15:47:50.033 [info] > git rev-parse --show-toplevel [1ms]
2024-07-08 15:47:50.033 [info] fatal: not a git repository (or any of the parent directories): .git
2024-07-08 15:47:51.237 [info] > git rev-parse --show-toplevel [1ms]
2024-07-08 15:47:51.237 [info] fatal: not a git repository (or any of the parent directories): .git
2024-07-08 15:48:20.622 [info] > git rev-parse --show-toplevel [2ms]
2024-07-08 15:48:20.622 [info] fatal: not a git repository (or any of the parent directories): .git
2024-07-08 15:49:44.841 [info] > git rev-parse --show-toplevel [1ms]
2024-07-08 15:49:44.841 [info] fatal: not a git repository (or any of the parent directories): .git
2024-07-08 15:49:58.289 [info] > git rev-parse --show-toplevel [2ms]
2024-07-08 15:49:58.289 [info] fatal: not a git repository (or any of the parent directories): .git
2024-07-08 15:50:05.578 [info] > git rev-parse --show-toplevel [2ms]
2024-07-08 15:50:05.578 [info] fatal: not a git repository (or any of the parent directories): .git
2024-07-08 15:50:14.138 [info] > git rev-parse --show-toplevel [2ms]
2024-07-08 15:50:14.138 [info] fatal: not a git repository (or any of the parent directories): .git
2024-07-08 15:53:20.858 [info] > git rev-parse --show-toplevel [1ms]
2024-07-08 15:53:20.858 [info] fatal: not a git repository (or any of the parent directories): .git
2024-07-08 15:53:23.753 [info] > git rev-parse --show-toplevel [1ms]
2024-07-08 15:53:23.753 [info] fatal: not a git repository (or any of the parent directories): .git
2024-07-08 15:53:25.303 [info] > git rev-parse --show-toplevel [2ms]
2024-07-08 15:53:25.303 [info] fatal: not a git repository (or any of the parent directories): .git
2024-07-08 15:53:28.348 [info] > git rev-parse --show-toplevel [2ms]
2024-07-08 15:53:28.348 [info] fatal: not a git repository (or any of the parent directories): .git
2024-07-08 15:54:00.983 [info] > git rev-parse --show-toplevel [2ms]
2024-07-08 15:54:00.983 [info] fatal: not a git repository (or any of the parent directories): .git
2024-07-08 15:54:04.777 [info] > git rev-parse --show-toplevel [2ms]
2024-07-08 15:54:04.777 [info] fatal: not a git repository (or any of the parent directories): .git
2024-07-08 15:54:20.436 [info] > git rev-parse --show-toplevel [1ms]
2024-07-08 15:54:20.436 [info] fatal: not a git repository (or any of the parent directories): .git
2024-07-08 15:54:20.905 [info] > git rev-parse --show-toplevel [1ms]
2024-07-08 15:54:20.905 [info] fatal: not a git repository (or any of the parent directories): .git
2024-07-08 15:54:22.712 [info] > git rev-parse --show-toplevel [1ms]
2024-07-08 15:54:22.712 [info] fatal: not a git repository (or any of the parent directories): .git
2024-07-08 15:54:23.675 [info] > git rev-parse --show-toplevel [1ms]
2024-07-08 15:54:23.675 [info] fatal: not a git repository (or any of the parent directories): .git
2024-07-08 15:54:25.520 [info] > git rev-parse --show-toplevel [2ms]
2024-07-08 15:54:25.520 [info] fatal: not a git repository (or any of the parent directories): .git
2024-07-08 15:54:26.052 [info] > git rev-parse --show-toplevel [2ms]
2024-07-08 15:54:26.052 [info] fatal: not a git repository (or any of the parent directories): .git
2024-07-08 15:54:26.766 [info] > git rev-parse --show-toplevel [1ms]
2024-07-08 15:54:26.766 [info] fatal: not a git repository (or any of the parent directories): .git
2024-07-08 15:54:27.992 [info] > git rev-parse --show-toplevel [2ms]
2024-07-08 15:54:27.992 [info] fatal: not a git repository (or any of the parent directories): .git
2024-07-08 15:54:28.823 [info] > git rev-parse --show-toplevel [1ms]
2024-07-08 15:54:28.823 [info] fatal: not a git repository (or any of the parent directories): .git
2024-07-08 15:54:29.255 [info] > git rev-parse --show-toplevel [2ms]
2024-07-08 15:54:29.255 [info] fatal: not a git repository (or any of the parent directories): .git
2024-07-08 15:54:29.791 [info] > git rev-parse --show-toplevel [1ms]
2024-07-08 15:54:29.791 [info] fatal: not a git repository (or any of the parent directories): .git
2024-07-08 15:54:56.175 [info] > git rev-parse --show-toplevel [2ms]
2024-07-08 15:54:56.175 [info] fatal: not a git repository (or any of the parent directories): .git
2024-07-08 15:54:58.378 [info] > git rev-parse --show-toplevel [1ms]
2024-07-08 15:54:58.378 [info] fatal: not a git repository (or any of the parent directories): .git
2024-07-08 15:55:00.499 [info] > git rev-parse --show-toplevel [2ms]
2024-07-08 15:55:00.499 [info] fatal: not a git repository (or any of the parent directories): .git
2024-07-08 15:56:10.700 [info] > git rev-parse --show-toplevel [2ms]
2024-07-08 15:56:10.700 [info] fatal: not a git repository (or any of the parent directories): .git
2024-07-08 15:56:16.251 [info] > git rev-parse --show-toplevel [1ms]
2024-07-08 15:56:16.251 [info] fatal: not a git repository (or any of the parent directories): .git
2024-07-08 15:56:20.745 [info] > git rev-parse --show-toplevel [1ms]
2024-07-08 15:56:20.745 [info] fatal: not a git repository (or any of the parent directories): .git
2024-07-08 15:56:23.597 [info] > git rev-parse --show-toplevel [3ms]
2024-07-08 15:56:23.597 [info] fatal: not a git repository (or any of the parent directories): .git
2024-07-08 15:56:26.536 [info] > git rev-parse --show-toplevel [2ms]
2024-07-08 15:56:26.536 [info] fatal: not a git repository (or any of the parent directories): .git
2024-07-08 15:56:27.932 [info] > git rev-parse --show-toplevel [2ms]
2024-07-08 15:56:27.932 [info] fatal: not a git repository (or any of the parent directories): .git
2024-07-08 15:56:28.816 [info] > git rev-parse --show-toplevel [1ms]
2024-07-08 15:56:28.816 [info] fatal: not a git repository (or any of the parent directories): .git
2024-07-08 15:56:32.039 [info] > git rev-parse --show-toplevel [1ms]
2024-07-08 15:56:32.039 [info] fatal: not a git repository (or any of the parent directories): .git
2024-07-08 15:57:02.039 [info] > git rev-parse --show-toplevel [2ms]
2024-07-08 15:57:02.039 [info] fatal: not a git repository (or any of the parent directories): .git
2024-07-08 15:57:06.246 [info] > git rev-parse --show-toplevel [2ms]
2024-07-08 15:57:06.246 [info] fatal: not a git repository (or any of the parent directories): .git
2024-07-08 15:58:02.930 [info] > git rev-parse --show-toplevel [1ms]
2024-07-08 15:58:02.930 [info] fatal: not a git repository (or any of the parent directories): .git
2024-07-08 15:58:15.427 [info] > git rev-parse --show-toplevel [3ms]
2024-07-08 15:58:15.427 [info] fatal: not a git repository (or any of the parent directories): .git
2024-07-08 16:00:35.043 [info] > git rev-parse --show-toplevel [0ms]
2024-07-08 16:00:35.044 [info] fatal: not a git repository (or any of the parent directories): .git
2024-07-08 16:00:43.243 [info] > git rev-parse --show-toplevel [1ms]
2024-07-08 16:00:43.243 [info] fatal: not a git repository (or any of the parent directories): .git
2024-07-08 16:01:57.720 [info] > git rev-parse --show-toplevel [2ms]
2024-07-08 16:01:57.720 [info] fatal: not a git repository (or any of the parent directories): .git
2024-07-08 16:02:22.343 [info] > git rev-parse --show-toplevel [1ms]
2024-07-08 16:02:22.343 [info] fatal: not a git repository (or any of the parent directories): .git
