2024-07-04 13:34:36.573 [info] Log level: Info
2024-07-04 13:34:36.573 [info] Validating found git in: "git"
2024-07-04 13:34:36.573 [info] Using git "2.34.1" from "git"
2024-07-04 13:34:36.573 [info] > git rev-parse --show-toplevel [3ms]
2024-07-04 13:34:36.573 [info] fatal: not a git repository (or any of the parent directories): .git
2024-07-04 13:34:36.573 [info] > git rev-parse --show-toplevel [30ms]
2024-07-04 13:34:36.573 [info] fatal: not a git repository (or any of the parent directories): .git
2024-07-04 13:34:36.578 [info] > git rev-parse --show-toplevel [2ms]
2024-07-04 13:34:36.578 [info] fatal: not a git repository (or any of the parent directories): .git
2024-07-04 13:34:36.589 [info] > git rev-parse --show-toplevel [8ms]
2024-07-04 13:34:36.589 [info] fatal: not a git repository (or any of the parent directories): .git
2024-07-04 13:34:36.596 [info] > git rev-parse --show-toplevel [0ms]
2024-07-04 13:34:36.596 [info] fatal: not a git repository (or any of the parent directories): .git
2024-07-04 13:34:36.599 [info] > git rev-parse --show-toplevel [1ms]
2024-07-04 13:34:36.600 [info] fatal: not a git repository (or any of the parent directories): .git
2024-07-04 13:34:36.603 [info] > git rev-parse --show-toplevel [1ms]
2024-07-04 13:34:36.603 [info] fatal: not a git repository (or any of the parent directories): .git
2024-07-04 13:47:56.269 [info] > git rev-parse --show-toplevel [1ms]
2024-07-04 13:47:56.269 [info] fatal: not a git repository (or any of the parent directories): .git
2024-07-04 13:48:03.827 [info] > git rev-parse --show-toplevel [1ms]
2024-07-04 13:48:03.827 [info] fatal: not a git repository (or any of the parent directories): .git
2024-07-04 13:48:07.419 [info] > git rev-parse --show-toplevel [1ms]
2024-07-04 13:48:07.419 [info] fatal: not a git repository (or any of the parent directories): .git
2024-07-04 13:48:26.894 [info] > git rev-parse --show-toplevel [1ms]
2024-07-04 13:48:26.894 [info] fatal: not a git repository (or any of the parent directories): .git
2024-07-04 13:48:27.503 [info] > git rev-parse --show-toplevel [2ms]
2024-07-04 13:48:27.504 [info] fatal: not a git repository (or any of the parent directories): .git
2024-07-04 13:49:50.880 [info] > git rev-parse --show-toplevel [0ms]
2024-07-04 13:49:50.880 [info] fatal: not a git repository (or any of the parent directories): .git
2024-07-04 13:51:31.732 [info] > git rev-parse --show-toplevel [8ms]
2024-07-04 13:51:31.732 [info] fatal: not a git repository (or any of the parent directories): .git
2024-07-04 13:51:46.805 [info] > git rev-parse --show-toplevel [1ms]
2024-07-04 13:51:46.805 [info] fatal: not a git repository (or any of the parent directories): .git
2024-07-04 13:51:50.021 [info] > git rev-parse --show-toplevel [1ms]
2024-07-04 13:51:50.022 [info] fatal: not a git repository (or any of the parent directories): .git
2024-07-04 13:52:21.033 [info] > git rev-parse --show-toplevel [1ms]
2024-07-04 13:52:21.033 [info] fatal: not a git repository (or any of the parent directories): .git
2024-07-04 13:52:23.314 [info] > git rev-parse --show-toplevel [2ms]
2024-07-04 13:52:23.314 [info] fatal: not a git repository (or any of the parent directories): .git
2024-07-04 13:52:37.972 [info] > git rev-parse --show-toplevel [2ms]
2024-07-04 13:52:37.972 [info] fatal: not a git repository (or any of the parent directories): .git
2024-07-04 14:09:49.720 [info] > git rev-parse --show-toplevel [1ms]
2024-07-04 14:09:49.720 [info] fatal: not a git repository (or any of the parent directories): .git
2024-07-04 14:09:52.824 [info] > git rev-parse --show-toplevel [1ms]
2024-07-04 14:09:52.824 [info] fatal: not a git repository (or any of the parent directories): .git
2024-07-04 14:09:55.950 [info] > git rev-parse --show-toplevel [1ms]
2024-07-04 14:09:55.951 [info] fatal: not a git repository (or any of the parent directories): .git
2024-07-04 14:10:05.234 [info] > git rev-parse --show-toplevel [1ms]
2024-07-04 14:10:05.234 [info] fatal: not a git repository (or any of the parent directories): .git
2024-07-04 14:10:06.305 [info] > git rev-parse --show-toplevel [1ms]
2024-07-04 14:10:06.305 [info] fatal: not a git repository (or any of the parent directories): .git
2024-07-04 14:10:35.426 [info] > git rev-parse --show-toplevel [2ms]
2024-07-04 14:10:35.426 [info] fatal: not a git repository (or any of the parent directories): .git
2024-07-04 14:10:38.865 [info] > git rev-parse --show-toplevel [1ms]
2024-07-04 14:10:38.865 [info] fatal: not a git repository (or any of the parent directories): .git
2024-07-04 14:10:57.481 [info] > git rev-parse --show-toplevel [2ms]
2024-07-04 14:10:57.481 [info] fatal: not a git repository (or any of the parent directories): .git
2024-07-04 14:10:59.047 [info] > git rev-parse --show-toplevel [1ms]
2024-07-04 14:10:59.047 [info] fatal: not a git repository (or any of the parent directories): .git
2024-07-04 14:13:03.548 [info] > git rev-parse --show-toplevel [1ms]
2024-07-04 14:13:03.549 [info] fatal: not a git repository (or any of the parent directories): .git
2024-07-04 14:13:05.005 [info] > git rev-parse --show-toplevel [2ms]
2024-07-04 14:13:05.005 [info] fatal: not a git repository (or any of the parent directories): .git
2024-07-04 14:13:46.998 [info] > git rev-parse --show-toplevel [3ms]
2024-07-04 14:13:46.998 [info] fatal: not a git repository (or any of the parent directories): .git
2024-07-04 14:14:06.546 [info] > git rev-parse --show-toplevel [1ms]
2024-07-04 14:14:06.546 [info] fatal: not a git repository (or any of the parent directories): .git
2024-07-04 14:14:06.855 [info] > git rev-parse --show-toplevel [1ms]
2024-07-04 14:14:06.855 [info] fatal: not a git repository (or any of the parent directories): .git
2024-07-04 14:14:19.695 [info] > git rev-parse --show-toplevel [1ms]
2024-07-04 14:14:19.696 [info] fatal: not a git repository (or any of the parent directories): .git
2024-07-04 14:15:10.508 [info] > git rev-parse --show-toplevel [2ms]
2024-07-04 14:15:10.508 [info] fatal: not a git repository (or any of the parent directories): .git
2024-07-04 14:22:54.422 [info] > git rev-parse --show-toplevel [1ms]
2024-07-04 14:22:54.423 [info] fatal: not a git repository (or any of the parent directories): .git
2024-07-04 14:23:56.637 [info] > git rev-parse --show-toplevel [1ms]
2024-07-04 14:23:56.637 [info] fatal: not a git repository (or any of the parent directories): .git
2024-07-04 14:26:22.276 [info] > git rev-parse --show-toplevel [1ms]
2024-07-04 14:26:22.276 [info] fatal: not a git repository (or any of the parent directories): .git
2024-07-04 14:26:27.231 [info] > git rev-parse --show-toplevel [1ms]
2024-07-04 14:26:27.231 [info] fatal: not a git repository (or any of the parent directories): .git
2024-07-04 14:27:46.540 [info] > git rev-parse --show-toplevel [0ms]
2024-07-04 14:27:46.540 [info] fatal: not a git repository (or any of the parent directories): .git
2024-07-04 14:28:58.129 [info] > git rev-parse --show-toplevel [1ms]
2024-07-04 14:28:58.129 [info] fatal: not a git repository (or any of the parent directories): .git
2024-07-04 17:17:51.491 [info] > git rev-parse --show-toplevel [2ms]
2024-07-04 17:17:51.491 [info] fatal: not a git repository (or any of the parent directories): .git
