2024-07-05 11:24:48.454 [info] Extension host with pid 2220 started
2024-07-05 11:24:48.454 [error] Error: EEXIST: file already exists, open '/root/.vscode-server/data/User/workspaceStorage/decbaa71f00ccc70ee4822bb32cad01d/vscode.lock'
2024-07-05 11:24:48.464 [info] Lock '/root/.vscode-server/data/User/workspaceStorage/decbaa71f00ccc70ee4822bb32cad01d/vscode.lock': Could not acquire lock, checking if the file is stale.
2024-07-05 11:24:48.481 [info] Lock '/root/.vscode-server/data/User/workspaceStorage/decbaa71f00ccc70ee4822bb32cad01d/vscode.lock': The pid 2115 appears to be gone.
2024-07-05 11:24:48.481 [info] Lock '/root/.vscode-server/data/User/workspaceStorage/decbaa71f00ccc70ee4822bb32cad01d/vscode.lock': Deleting a stale lock.
2024-07-05 11:24:48.490 [info] Lock '/root/.vscode-server/data/User/workspaceStorage/decbaa71f00ccc70ee4822bb32cad01d/vscode.lock': Lock acquired.
2024-07-05 11:24:48.581 [info] ExtensionService#_doActivateExtension vscode.emmet, startup: false, activationEvent: 'onLanguage'
2024-07-05 11:24:48.582 [info] ExtensionService#_doActivateExtension ms-azuretools.vscode-docker, startup: false, activationEvent: 'onLanguage:dockerfile'
2024-07-05 11:24:49.104 [info] ExtensionService#_doActivateExtension vscode.tunnel-forwarding, startup: false, activationEvent: 'onTunnel'
2024-07-05 11:24:49.241 [info] ExtensionService#_doActivateExtension vscode.git-base, startup: true, activationEvent: '*', root cause: vscode.git
2024-07-05 11:24:49.270 [info] ExtensionService#_doActivateExtension vscode.git, startup: true, activationEvent: '*'
2024-07-05 11:24:49.271 [info] ExtensionService#_doActivateExtension vscode.github, startup: true, activationEvent: '*'
2024-07-05 11:24:49.641 [info] Eager extensions activated
2024-07-05 11:24:49.641 [info] ExtensionService#_doActivateExtension vscode.debug-auto-launch, startup: false, activationEvent: 'onStartupFinished'
2024-07-05 11:24:49.641 [info] ExtensionService#_doActivateExtension vscode.merge-conflict, startup: false, activationEvent: 'onStartupFinished'
2024-07-05 11:25:00.293 [info] ExtensionService#_doActivateExtension vscode.npm, startup: false, activationEvent: 'onTerminalQuickFixRequest:ms-vscode.npm-command'
2024-07-05 12:48:22.509 [error] Error: read ECONNRESET
	at TLSWrap.onStreamRead (node:internal/stream_base_commons:217:20)
2024-07-05 13:23:15.497 [info] Extension host terminating: renderer disconnected for too long (2)
2024-07-05 13:23:15.498 [info] Lock '/root/.vscode-server/data/User/workspaceStorage/decbaa71f00ccc70ee4822bb32cad01d/vscode.lock': Marking the lockfile as scheduled to be released in 6000 ms.
2024-07-05 13:23:15.544 [info] Extension host with pid 2220 exiting with code 0
