2024-07-04 12:09:22.434 [info] Extension host with pid 1828 started
2024-07-04 12:09:22.459 [info] Lock '/root/.vscode-server/data/User/workspaceStorage/decbaa71f00ccc70ee4822bb32cad01d/vscode.lock': Lock acquired.
2024-07-04 12:09:22.490 [info] Eager extensions activated
2024-07-04 12:09:26.989 [info] ExtensionService#_doActivateExtension vscode.debug-auto-launch, startup: false, activationEvent: 'onStartupFinished'
2024-07-04 12:09:26.991 [info] ExtensionService#_doActivateExtension vscode.emmet, startup: false, activationEvent: 'onLanguage'
2024-07-04 12:09:26.991 [info] ExtensionService#_doActivateExtension vscode.extension-editing, startup: false, activationEvent: 'onLanguage:json'
2024-07-04 12:09:26.991 [info] ExtensionService#_doActivateExtension vscode.git-base, startup: false, activationEvent: '*', root cause: vscode.git
2024-07-04 12:09:26.992 [info] ExtensionService#_doActivateExtension vscode.json-language-features, startup: false, activationEvent: 'onLanguage:json'
2024-07-04 12:09:26.992 [info] ExtensionService#_doActivateExtension vscode.merge-conflict, startup: false, activationEvent: 'onStartupFinished'
2024-07-04 12:09:26.992 [info] ExtensionService#_doActivateExtension vscode.npm, startup: false, activationEvent: 'onLanguage:json'
2024-07-04 12:09:27.172 [info] ExtensionService#_doActivateExtension ms-azuretools.vscode-docker, startup: false, activationEvent: 'onWalkthrough:dockerStart'
2024-07-04 12:09:27.553 [info] ExtensionService#_doActivateExtension vscode.git, startup: false, activationEvent: '*'
2024-07-04 12:09:27.555 [info] ExtensionService#_doActivateExtension vscode.github, startup: false, activationEvent: '*'
2024-07-04 12:35:50.487 [error] Error: read ECONNRESET
	at TLSWrap.onStreamRead (node:internal/stream_base_commons:217:20)
2024-07-04 13:27:28.081 [error] Error: read ETIMEDOUT
	at TLSWrap.onStreamRead (node:internal/stream_base_commons:217:20)
2024-07-04 13:38:21.100 [info] Extension host terminating: renderer disconnected for too long (2)
2024-07-04 13:38:21.101 [info] Lock '/root/.vscode-server/data/User/workspaceStorage/decbaa71f00ccc70ee4822bb32cad01d/vscode.lock': Marking the lockfile as scheduled to be released in 6000 ms.
2024-07-04 13:38:21.147 [info] Extension host with pid 1828 exiting with code 0
